Arguments:
	sphere_r: 1.0
	box_min: 0.0
	box_max: 1.0
	sphere_norm: False
	box_norm: False
	only_supervised: False
	only_unsupervised: True
	more_unsupervised: 3
	save_dir: 
	num_eval_batches: 10
	seed: None
	act_fct: leaky_relu
	c_param: 0.05
	m_param: 1.0
	tau: 1.0
	n_mixing_layer: 3
	n: 10
	space_type: extended_sphere
	m_p: 0
	c_p: 0
	lr: 0.0001
	p: 0
	batch_size: 1000
	n_log_steps: 250
	n_steps: 100001
	resume_training: False
	gt_lambda_1: 5.0
	gt_lambda_2: 25.0
	linearly_spaced_lambda: False
	lr_lambda: 0.001
	threshold: 0.1
lambda init:  tensor([-0.0386, -0.0183,  0.0398, -0.1321,  0.0489,  0.0390,  0.0259, -0.1216,
         0.0636,  0.1772])
ground truth Lambda:  tensor([25., 25., 25., 25., 25.,  5.,  5.,  5.,  5.,  5.], device='cuda:0')
condition number threshold: 3.612555
layer 1/3,  condition number: 3.45114242342263
layer 2/3,  condition number: 3.412501780572424
layer 3/3,  condition number: 3.586476497872276
Id. Lin. Disentanglement: 0.6900
Id. Perm. Disentanglement: 0.4870
supervised test: False
f:  Sequential(
  (0): Linear(in_features=10, out_features=100, bias=True)
  (1): LeakyReLU(negative_slope=0.01)
  (2): Linear(in_features=100, out_features=500, bias=True)
  (3): LeakyReLU(negative_slope=0.01)
  (4): Linear(in_features=500, out_features=500, bias=True)
  (5): LeakyReLU(negative_slope=0.01)
  (6): Linear(in_features=500, out_features=500, bias=True)
  (7): LeakyReLU(negative_slope=0.01)
  (8): Linear(in_features=500, out_features=500, bias=True)
  (9): LeakyReLU(negative_slope=0.01)
  (10): Linear(in_features=500, out_features=100, bias=True)
  (11): LeakyReLU(negative_slope=0.01)
  (12): Linear(in_features=100, out_features=10, bias=True)
  (13): RescaleLayer()
)
Step: 1 	 Loss: 7.6004 	 <Loss>: 7.6004 	 Lin. Disentanglement: 0.4340 	 Perm. Disentanglement: 0.4275
learned lambda values: [0.7, 0.7, 0.7, 0.6, 0.7, 0.7, 0.7, 0.6, 0.7, 0.8] 	
Step: 251 	 Loss: 7.1168 	 <Loss>: 7.2898 	 Lin. Disentanglement: 0.3994 	 Perm. Disentanglement: 0.4098
learned lambda values: [0.9, 0.9, 0.9, 0.8, 0.9, 0.9, 0.9, 0.8, 0.9, 1.0] 	
Step: 501 	 Loss: 6.9286 	 <Loss>: 7.0232 	 Lin. Disentanglement: 0.5426 	 Perm. Disentanglement: 0.4241
learned lambda values: [1.0, 1.1, 1.2, 0.8, 1.2, 1.2, 1.0, 0.8, 1.2, 1.2] 	
Step: 751 	 Loss: 6.7890 	 <Loss>: 6.8665 	 Lin. Disentanglement: 0.5524 	 Perm. Disentanglement: 0.4369
learned lambda values: [1.0, 1.3, 1.5, 0.8, 1.4, 1.4, 1.0, 0.8, 1.5, 1.4] 	
Step: 1001 	 Loss: 6.6819 	 <Loss>: 6.7391 	 Lin. Disentanglement: 0.5527 	 Perm. Disentanglement: 0.4231
learned lambda values: [1.0, 1.5, 1.8, 0.8, 1.7, 1.7, 1.0, 0.8, 1.7, 1.6] 	
Step: 1251 	 Loss: 6.5636 	 <Loss>: 6.6203 	 Lin. Disentanglement: 0.5426 	 Perm. Disentanglement: 0.4294
learned lambda values: [1.0, 1.7, 2.0, 0.8, 1.9, 2.0, 1.0, 0.8, 2.0, 1.8] 	
Step: 1501 	 Loss: 6.4477 	 <Loss>: 6.5066 	 Lin. Disentanglement: 0.5614 	 Perm. Disentanglement: 0.4588
learned lambda values: [1.0, 2.0, 2.3, 0.8, 2.1, 2.3, 1.0, 0.8, 2.2, 2.0] 	
Step: 1751 	 Loss: 6.3475 	 <Loss>: 6.4048 	 Lin. Disentanglement: 0.5393 	 Perm. Disentanglement: 0.4386
learned lambda values: [1.0, 2.3, 2.5, 0.8, 2.4, 2.5, 1.0, 0.9, 2.4, 2.2] 	
Step: 2001 	 Loss: 6.2759 	 <Loss>: 6.3053 	 Lin. Disentanglement: 0.5633 	 Perm. Disentanglement: 0.4490
learned lambda values: [1.0, 2.6, 2.7, 0.8, 2.6, 2.8, 1.0, 0.9, 2.7, 2.4] 	
Step: 2251 	 Loss: 6.1985 	 <Loss>: 6.2136 	 Lin. Disentanglement: 0.5538 	 Perm. Disentanglement: 0.4240
learned lambda values: [1.0, 2.9, 3.0, 0.8, 2.8, 3.0, 1.0, 0.9, 2.9, 2.6] 	
Step: 2501 	 Loss: 6.0986 	 <Loss>: 6.1326 	 Lin. Disentanglement: 0.5503 	 Perm. Disentanglement: 0.4169
learned lambda values: [1.0, 3.3, 3.2, 0.8, 3.0, 3.2, 1.0, 0.9, 3.1, 2.7] 	
Step: 2751 	 Loss: 6.0129 	 <Loss>: 6.0392 	 Lin. Disentanglement: 0.5594 	 Perm. Disentanglement: 0.4516
learned lambda values: [1.0, 3.7, 3.4, 0.8, 3.2, 3.5, 1.0, 0.9, 3.3, 2.8] 	
Step: 3001 	 Loss: 5.9336 	 <Loss>: 5.9607 	 Lin. Disentanglement: 0.5635 	 Perm. Disentanglement: 0.4501
learned lambda values: [1.0, 4.1, 3.6, 0.8, 3.4, 3.7, 1.0, 0.9, 3.5, 2.9] 	
Step: 3251 	 Loss: 5.8547 	 <Loss>: 5.8957 	 Lin. Disentanglement: 0.5648 	 Perm. Disentanglement: 0.4470
learned lambda values: [1.1, 4.4, 3.8, 0.8, 3.6, 3.9, 1.0, 0.9, 3.8, 3.0] 	
Step: 3501 	 Loss: 5.8201 	 <Loss>: 5.8359 	 Lin. Disentanglement: 0.5693 	 Perm. Disentanglement: 0.4426
learned lambda values: [1.1, 4.6, 4.0, 0.8, 3.8, 4.1, 1.0, 0.9, 4.0, 3.0] 	
Step: 3751 	 Loss: 5.7355 	 <Loss>: 5.7817 	 Lin. Disentanglement: 0.6095 	 Perm. Disentanglement: 0.4963
learned lambda values: [1.1, 4.9, 4.2, 0.9, 4.0, 4.3, 1.0, 0.9, 4.2, 3.1] 	
Step: 4001 	 Loss: 5.6663 	 <Loss>: 5.7286 	 Lin. Disentanglement: 0.6355 	 Perm. Disentanglement: 0.5307
learned lambda values: [1.1, 5.1, 4.4, 0.9, 4.2, 4.5, 1.0, 0.9, 4.4, 3.2] 	
Step: 4251 	 Loss: 5.6635 	 <Loss>: 5.6881 	 Lin. Disentanglement: 0.6670 	 Perm. Disentanglement: 0.5699
learned lambda values: [1.1, 5.3, 4.6, 0.9, 4.4, 4.7, 1.1, 0.9, 4.6, 3.3] 	
Step: 4501 	 Loss: 5.6211 	 <Loss>: 5.6396 	 Lin. Disentanglement: 0.6968 	 Perm. Disentanglement: 0.5901
learned lambda values: [1.1, 5.6, 4.8, 0.9, 4.6, 4.9, 1.1, 1.0, 4.8, 3.4] 	
Step: 4751 	 Loss: 5.5763 	 <Loss>: 5.5979 	 Lin. Disentanglement: 0.7237 	 Perm. Disentanglement: 0.5979
learned lambda values: [1.2, 5.8, 5.0, 0.9, 4.8, 5.2, 1.3, 1.1, 5.0, 3.5] 	
Step: 5001 	 Loss: 5.5154 	 <Loss>: 5.5578 	 Lin. Disentanglement: 0.7451 	 Perm. Disentanglement: 0.6339
learned lambda values: [1.3, 6.0, 5.2, 1.0, 5.0, 5.4, 1.7, 1.3, 5.2, 3.7] 	
Step: 5251 	 Loss: 5.5016 	 <Loss>: 5.5072 	 Lin. Disentanglement: 0.7615 	 Perm. Disentanglement: 0.6021
learned lambda values: [1.7, 6.2, 5.4, 1.1, 5.2, 5.6, 2.2, 1.5, 5.4, 3.8] 	
Step: 5501 	 Loss: 5.4570 	 <Loss>: 5.4503 	 Lin. Disentanglement: 0.7819 	 Perm. Disentanglement: 0.5789
learned lambda values: [2.4, 6.4, 5.6, 1.1, 5.4, 5.8, 2.6, 1.6, 5.6, 4.0] 	
Step: 5751 	 Loss: 5.4309 	 <Loss>: 5.4013 	 Lin. Disentanglement: 0.8009 	 Perm. Disentanglement: 0.5764
learned lambda values: [2.9, 6.7, 5.8, 1.1, 5.6, 6.0, 2.9, 1.8, 5.8, 4.1] 	
Step: 6001 	 Loss: 5.2830 	 <Loss>: 5.3565 	 Lin. Disentanglement: 0.8230 	 Perm. Disentanglement: 0.5848
learned lambda values: [3.3, 6.9, 6.1, 1.1, 5.8, 6.2, 3.2, 2.1, 6.0, 4.3] 	
Step: 6251 	 Loss: 5.2941 	 <Loss>: 5.3049 	 Lin. Disentanglement: 0.8358 	 Perm. Disentanglement: 0.5934
learned lambda values: [3.6, 7.1, 6.3, 1.1, 6.0, 6.4, 3.5, 2.8, 6.2, 4.4] 	
Step: 6501 	 Loss: 5.2467 	 <Loss>: 5.2476 	 Lin. Disentanglement: 0.8452 	 Perm. Disentanglement: 0.6081
learned lambda values: [3.9, 7.3, 6.5, 1.2, 6.2, 6.6, 3.7, 3.5, 6.4, 4.6] 	
Step: 6751 	 Loss: 5.1584 	 <Loss>: 5.2041 	 Lin. Disentanglement: 0.8498 	 Perm. Disentanglement: 0.5968
learned lambda values: [4.1, 7.5, 6.7, 1.2, 6.4, 6.8, 4.0, 3.9, 6.6, 4.8] 	
Step: 7001 	 Loss: 5.1263 	 <Loss>: 5.1570 	 Lin. Disentanglement: 0.8600 	 Perm. Disentanglement: 0.6378
learned lambda values: [4.4, 7.7, 6.9, 1.2, 6.7, 7.1, 4.2, 4.3, 6.8, 4.9] 	
Step: 7251 	 Loss: 5.0837 	 <Loss>: 5.1131 	 Lin. Disentanglement: 0.8663 	 Perm. Disentanglement: 0.6277
learned lambda values: [4.6, 8.0, 7.1, 1.2, 6.9, 7.3, 4.4, 4.6, 7.0, 5.1] 	
Step: 7501 	 Loss: 5.0751 	 <Loss>: 5.0812 	 Lin. Disentanglement: 0.8684 	 Perm. Disentanglement: 0.6142
learned lambda values: [4.8, 8.2, 7.3, 1.2, 7.1, 7.5, 4.6, 4.9, 7.3, 5.3] 	
Step: 7751 	 Loss: 5.0756 	 <Loss>: 5.0423 	 Lin. Disentanglement: 0.8667 	 Perm. Disentanglement: 0.6255
learned lambda values: [5.0, 8.4, 7.5, 1.3, 7.3, 7.7, 4.8, 5.1, 7.5, 5.4] 	
Step: 8001 	 Loss: 4.9870 	 <Loss>: 5.0195 	 Lin. Disentanglement: 0.8765 	 Perm. Disentanglement: 0.6155
learned lambda values: [5.2, 8.6, 7.7, 1.3, 7.5, 7.9, 5.0, 5.3, 7.7, 5.6] 	
Step: 8251 	 Loss: 4.9444 	 <Loss>: 4.9898 	 Lin. Disentanglement: 0.8811 	 Perm. Disentanglement: 0.6303
learned lambda values: [5.4, 8.8, 7.9, 1.3, 7.7, 8.1, 5.2, 5.5, 7.9, 5.8] 	
Step: 8501 	 Loss: 4.9510 	 <Loss>: 4.9572 	 Lin. Disentanglement: 0.8923 	 Perm. Disentanglement: 0.6409
learned lambda values: [5.6, 9.0, 8.1, 1.4, 7.9, 8.3, 5.4, 5.7, 8.1, 5.9] 	
Step: 8751 	 Loss: 4.8851 	 <Loss>: 4.9331 	 Lin. Disentanglement: 0.9010 	 Perm. Disentanglement: 0.6328
learned lambda values: [5.8, 9.2, 8.3, 1.5, 8.1, 8.5, 5.6, 5.9, 8.3, 6.1] 	
Step: 9001 	 Loss: 4.9358 	 <Loss>: 4.9089 	 Lin. Disentanglement: 0.9215 	 Perm. Disentanglement: 0.6533
learned lambda values: [5.9, 9.4, 8.5, 1.7, 8.3, 8.7, 5.8, 6.1, 8.5, 6.3] 	
Step: 9251 	 Loss: 4.8655 	 <Loss>: 4.8886 	 Lin. Disentanglement: 0.9382 	 Perm. Disentanglement: 0.6602
learned lambda values: [6.1, 9.6, 8.7, 2.1, 8.5, 8.9, 5.9, 6.3, 8.7, 6.4] 	
Step: 9501 	 Loss: 4.8486 	 <Loss>: 4.8697 	 Lin. Disentanglement: 0.9461 	 Perm. Disentanglement: 0.6720
learned lambda values: [6.3, 9.8, 8.9, 2.8, 8.7, 9.1, 6.1, 6.4, 8.9, 6.6] 	
Step: 9751 	 Loss: 4.7654 	 <Loss>: 4.8293 	 Lin. Disentanglement: 0.9523 	 Perm. Disentanglement: 0.6705
learned lambda values: [6.4, 10.0, 9.2, 3.8, 8.9, 9.3, 6.2, 6.6, 9.1, 6.7] 	
Step: 10001 	 Loss: 4.7653 	 <Loss>: 4.7937 	 Lin. Disentanglement: 0.9628 	 Perm. Disentanglement: 0.6761
learned lambda values: [6.6, 10.2, 9.4, 4.3, 9.1, 9.5, 6.4, 6.8, 9.3, 6.9] 	
Step: 10251 	 Loss: 4.8087 	 <Loss>: 4.7590 	 Lin. Disentanglement: 0.9662 	 Perm. Disentanglement: 0.6735
learned lambda values: [6.8, 10.4, 9.6, 4.7, 9.3, 9.7, 6.6, 7.0, 9.5, 7.1] 	
Step: 10501 	 Loss: 4.7184 	 <Loss>: 4.7312 	 Lin. Disentanglement: 0.9708 	 Perm. Disentanglement: 0.6855
learned lambda values: [7.0, 10.6, 9.8, 5.0, 9.5, 10.0, 6.8, 7.1, 9.7, 7.2] 	
Step: 10751 	 Loss: 4.7349 	 <Loss>: 4.7081 	 Lin. Disentanglement: 0.9721 	 Perm. Disentanglement: 0.6775
learned lambda values: [7.1, 10.9, 10.0, 5.3, 9.7, 10.2, 6.9, 7.3, 9.9, 7.4] 	
Step: 11001 	 Loss: 4.6174 	 <Loss>: 4.6879 	 Lin. Disentanglement: 0.9745 	 Perm. Disentanglement: 0.6762
learned lambda values: [7.3, 11.1, 10.2, 5.5, 10.0, 10.4, 7.1, 7.5, 10.1, 7.5] 	
Step: 11251 	 Loss: 4.6651 	 <Loss>: 4.6710 	 Lin. Disentanglement: 0.9757 	 Perm. Disentanglement: 0.6788
learned lambda values: [7.4, 11.3, 10.4, 5.7, 10.2, 10.6, 7.2, 7.6, 10.3, 7.7] 	
Step: 11501 	 Loss: 4.5969 	 <Loss>: 4.6516 	 Lin. Disentanglement: 0.9728 	 Perm. Disentanglement: 0.6827
learned lambda values: [7.5, 11.5, 10.6, 5.9, 10.4, 10.8, 7.4, 7.7, 10.5, 7.8] 	
Step: 11751 	 Loss: 4.6031 	 <Loss>: 4.6457 	 Lin. Disentanglement: 0.9748 	 Perm. Disentanglement: 0.6778
learned lambda values: [7.7, 11.7, 10.8, 6.1, 10.6, 11.0, 7.5, 7.9, 10.7, 7.9] 	
Step: 12001 	 Loss: 4.6890 	 <Loss>: 4.6281 	 Lin. Disentanglement: 0.9761 	 Perm. Disentanglement: 0.6826
learned lambda values: [7.8, 11.9, 11.0, 6.3, 10.8, 11.2, 7.6, 8.0, 10.9, 8.0] 	
Step: 12251 	 Loss: 4.5297 	 <Loss>: 4.6142 	 Lin. Disentanglement: 0.9766 	 Perm. Disentanglement: 0.6797
learned lambda values: [7.9, 12.1, 11.2, 6.4, 11.0, 11.4, 7.7, 8.1, 11.1, 8.1] 	
Step: 12501 	 Loss: 4.6601 	 <Loss>: 4.5998 	 Lin. Disentanglement: 0.9787 	 Perm. Disentanglement: 0.6833
learned lambda values: [8.0, 12.3, 11.4, 6.5, 11.2, 11.6, 7.8, 8.1, 11.3, 8.2] 	
Step: 12751 	 Loss: 4.6456 	 <Loss>: 4.5910 	 Lin. Disentanglement: 0.9784 	 Perm. Disentanglement: 0.6747
learned lambda values: [8.1, 12.5, 11.6, 6.7, 11.4, 11.8, 7.9, 8.2, 11.5, 8.3] 	
Step: 13001 	 Loss: 4.6268 	 <Loss>: 4.5843 	 Lin. Disentanglement: 0.9788 	 Perm. Disentanglement: 0.6826
learned lambda values: [8.1, 12.7, 11.8, 6.8, 11.6, 12.0, 7.9, 8.3, 11.7, 8.3] 	
Step: 13251 	 Loss: 4.5605 	 <Loss>: 4.5741 	 Lin. Disentanglement: 0.9787 	 Perm. Disentanglement: 0.6800
learned lambda values: [8.2, 12.9, 12.0, 6.9, 11.7, 12.2, 8.0, 8.3, 11.9, 8.4] 	
Step: 13501 	 Loss: 4.5252 	 <Loss>: 4.5668 	 Lin. Disentanglement: 0.9799 	 Perm. Disentanglement: 0.6867
learned lambda values: [8.2, 13.1, 12.2, 7.0, 11.9, 12.4, 8.0, 8.3, 12.1, 8.4] 	
Step: 13751 	 Loss: 4.5054 	 <Loss>: 4.5536 	 Lin. Disentanglement: 0.9816 	 Perm. Disentanglement: 0.6820
learned lambda values: [8.2, 13.3, 12.4, 7.1, 12.1, 12.6, 8.0, 8.3, 12.3, 8.4] 	
Step: 14001 	 Loss: 4.4958 	 <Loss>: 4.5460 	 Lin. Disentanglement: 0.9791 	 Perm. Disentanglement: 0.6731
learned lambda values: [8.2, 13.5, 12.6, 7.1, 12.3, 12.8, 8.1, 8.3, 12.5, 8.4] 	
Step: 14251 	 Loss: 4.5332 	 <Loss>: 4.5372 	 Lin. Disentanglement: 0.9817 	 Perm. Disentanglement: 0.6723
learned lambda values: [8.2, 13.6, 12.8, 7.2, 12.5, 12.9, 8.0, 8.3, 12.7, 8.3] 	
Step: 14501 	 Loss: 4.5082 	 <Loss>: 4.5326 	 Lin. Disentanglement: 0.9827 	 Perm. Disentanglement: 0.6787
learned lambda values: [8.1, 13.8, 13.0, 7.2, 12.7, 13.1, 8.0, 8.3, 12.9, 8.3] 	
Step: 14751 	 Loss: 4.4157 	 <Loss>: 4.5220 	 Lin. Disentanglement: 0.9824 	 Perm. Disentanglement: 0.6777
learned lambda values: [8.1, 14.0, 13.2, 7.3, 12.9, 13.3, 8.0, 8.2, 13.1, 8.2] 	
Step: 15001 	 Loss: 4.4967 	 <Loss>: 4.5187 	 Lin. Disentanglement: 0.9818 	 Perm. Disentanglement: 0.6793
learned lambda values: [8.1, 14.2, 13.4, 7.3, 13.1, 13.5, 7.9, 8.2, 13.3, 8.2] 	
Step: 15251 	 Loss: 4.4602 	 <Loss>: 4.5126 	 Lin. Disentanglement: 0.9828 	 Perm. Disentanglement: 0.6867
learned lambda values: [8.0, 14.4, 13.6, 7.3, 13.3, 13.7, 7.9, 8.1, 13.5, 8.1] 	
Step: 15501 	 Loss: 4.5207 	 <Loss>: 4.5017 	 Lin. Disentanglement: 0.9841 	 Perm. Disentanglement: 0.6748
learned lambda values: [7.9, 14.6, 13.8, 7.3, 13.5, 13.9, 7.8, 8.0, 13.7, 8.0] 	
Step: 15751 	 Loss: 4.5448 	 <Loss>: 4.5045 	 Lin. Disentanglement: 0.9834 	 Perm. Disentanglement: 0.6815
learned lambda values: [7.8, 14.8, 13.9, 7.3, 13.7, 14.1, 7.7, 7.9, 13.9, 7.9] 	
Step: 16001 	 Loss: 4.4878 	 <Loss>: 4.4913 	 Lin. Disentanglement: 0.9838 	 Perm. Disentanglement: 0.6856
learned lambda values: [7.8, 15.0, 14.1, 7.3, 13.9, 14.3, 7.7, 7.9, 14.1, 7.9] 	
Step: 16251 	 Loss: 4.4725 	 <Loss>: 4.4768 	 Lin. Disentanglement: 0.9839 	 Perm. Disentanglement: 0.6823
learned lambda values: [7.7, 15.2, 14.3, 7.3, 14.1, 14.5, 7.6, 7.8, 14.3, 7.8] 	
Step: 16501 	 Loss: 4.4590 	 <Loss>: 4.4823 	 Lin. Disentanglement: 0.9848 	 Perm. Disentanglement: 0.6772
learned lambda values: [7.6, 15.4, 14.5, 7.2, 14.3, 14.7, 7.5, 7.7, 14.5, 7.7] 	
Step: 16751 	 Loss: 4.4356 	 <Loss>: 4.4734 	 Lin. Disentanglement: 0.9842 	 Perm. Disentanglement: 0.6797
learned lambda values: [7.6, 15.6, 14.7, 7.2, 14.5, 14.9, 7.5, 7.6, 14.7, 7.6] 	
Step: 17001 	 Loss: 4.4600 	 <Loss>: 4.4767 	 Lin. Disentanglement: 0.9851 	 Perm. Disentanglement: 0.6830
learned lambda values: [7.5, 15.8, 14.9, 7.2, 14.7, 15.1, 7.4, 7.6, 14.9, 7.5] 	
Step: 17251 	 Loss: 4.4949 	 <Loss>: 4.4651 	 Lin. Disentanglement: 0.9861 	 Perm. Disentanglement: 0.6811
learned lambda values: [7.4, 16.0, 15.1, 7.1, 14.9, 15.3, 7.3, 7.5, 15.1, 7.4] 	
Step: 17501 	 Loss: 4.4886 	 <Loss>: 4.4639 	 Lin. Disentanglement: 0.9840 	 Perm. Disentanglement: 0.6773
learned lambda values: [7.3, 16.2, 15.3, 7.1, 15.1, 15.5, 7.3, 7.4, 15.2, 7.4] 	
Step: 17751 	 Loss: 4.5063 	 <Loss>: 4.4601 	 Lin. Disentanglement: 0.9862 	 Perm. Disentanglement: 0.6779
learned lambda values: [7.2, 16.3, 15.5, 7.1, 15.3, 15.7, 7.2, 7.3, 15.4, 7.3] 	
Step: 18001 	 Loss: 4.4328 	 <Loss>: 4.4544 	 Lin. Disentanglement: 0.9851 	 Perm. Disentanglement: 0.6763
learned lambda values: [7.2, 16.5, 15.7, 7.0, 15.5, 15.8, 7.1, 7.2, 15.6, 7.2] 	
Step: 18251 	 Loss: 4.4607 	 <Loss>: 4.4504 	 Lin. Disentanglement: 0.9874 	 Perm. Disentanglement: 0.6832
learned lambda values: [7.1, 16.7, 15.9, 7.0, 15.6, 16.0, 7.0, 7.2, 15.8, 7.1] 	
Step: 18501 	 Loss: 4.4586 	 <Loss>: 4.4474 	 Lin. Disentanglement: 0.9871 	 Perm. Disentanglement: 0.6688
learned lambda values: [7.0, 16.9, 16.1, 6.9, 15.8, 16.2, 7.0, 7.1, 16.0, 7.0] 	
Step: 18751 	 Loss: 4.3994 	 <Loss>: 4.4437 	 Lin. Disentanglement: 0.9883 	 Perm. Disentanglement: 0.6797
learned lambda values: [7.0, 17.1, 16.3, 6.9, 16.0, 16.4, 6.9, 7.0, 16.2, 7.0] 	
Step: 19001 	 Loss: 4.4916 	 <Loss>: 4.4377 	 Lin. Disentanglement: 0.9884 	 Perm. Disentanglement: 0.6787
learned lambda values: [6.9, 17.3, 16.5, 6.8, 16.2, 16.6, 6.8, 7.0, 16.4, 6.9] 	
Step: 19251 	 Loss: 4.4693 	 <Loss>: 4.4355 	 Lin. Disentanglement: 0.9882 	 Perm. Disentanglement: 0.6791
learned lambda values: [6.8, 17.5, 16.7, 6.8, 16.4, 16.8, 6.8, 6.9, 16.6, 6.9] 	
Step: 19501 	 Loss: 4.4406 	 <Loss>: 4.4356 	 Lin. Disentanglement: 0.9885 	 Perm. Disentanglement: 0.6837
learned lambda values: [6.8, 17.6, 16.8, 6.7, 16.6, 17.0, 6.7, 6.9, 16.8, 6.8] 	
Step: 19751 	 Loss: 4.5293 	 <Loss>: 4.4310 	 Lin. Disentanglement: 0.9891 	 Perm. Disentanglement: 0.6863
learned lambda values: [6.7, 17.8, 17.0, 6.7, 16.8, 17.2, 6.7, 6.8, 17.0, 6.7] 	
Step: 20001 	 Loss: 4.3329 	 <Loss>: 4.4274 	 Lin. Disentanglement: 0.9893 	 Perm. Disentanglement: 0.6867
learned lambda values: [6.7, 18.0, 17.2, 6.7, 17.0, 17.3, 6.6, 6.7, 17.2, 6.7] 	
Step: 20251 	 Loss: 4.5038 	 <Loss>: 4.4201 	 Lin. Disentanglement: 0.9883 	 Perm. Disentanglement: 0.6801
learned lambda values: [6.6, 18.2, 17.4, 6.6, 17.1, 17.5, 6.6, 6.7, 17.3, 6.6] 	
Step: 20501 	 Loss: 4.4510 	 <Loss>: 4.4233 	 Lin. Disentanglement: 0.9875 	 Perm. Disentanglement: 0.6794
learned lambda values: [6.6, 18.4, 17.6, 6.6, 17.3, 17.7, 6.5, 6.6, 17.5, 6.6] 	
Step: 20751 	 Loss: 4.3782 	 <Loss>: 4.4192 	 Lin. Disentanglement: 0.9891 	 Perm. Disentanglement: 0.6804
learned lambda values: [6.5, 18.5, 17.8, 6.5, 17.5, 17.9, 6.5, 6.6, 17.7, 6.5] 	
Step: 21001 	 Loss: 4.4342 	 <Loss>: 4.4159 	 Lin. Disentanglement: 0.9904 	 Perm. Disentanglement: 0.6753
learned lambda values: [6.5, 18.7, 17.9, 6.5, 17.7, 18.0, 6.5, 6.5, 17.9, 6.5] 	
Step: 21251 	 Loss: 4.4445 	 <Loss>: 4.4092 	 Lin. Disentanglement: 0.9905 	 Perm. Disentanglement: 0.6837
learned lambda values: [6.4, 18.9, 18.1, 6.5, 17.9, 18.2, 6.4, 6.5, 18.1, 6.4] 	
Step: 21501 	 Loss: 4.3355 	 <Loss>: 4.4124 	 Lin. Disentanglement: 0.9905 	 Perm. Disentanglement: 0.6880
learned lambda values: [6.4, 19.0, 18.3, 6.4, 18.0, 18.4, 6.4, 6.4, 18.2, 6.4] 	
Step: 21751 	 Loss: 4.3717 	 <Loss>: 4.4149 	 Lin. Disentanglement: 0.9913 	 Perm. Disentanglement: 0.6843
learned lambda values: [6.4, 19.2, 18.4, 6.4, 18.2, 18.5, 6.3, 6.4, 18.4, 6.4] 	
Step: 22001 	 Loss: 4.3813 	 <Loss>: 4.4101 	 Lin. Disentanglement: 0.9909 	 Perm. Disentanglement: 0.6814
learned lambda values: [6.3, 19.4, 18.6, 6.4, 18.4, 18.7, 6.3, 6.3, 18.6, 6.3] 	
Step: 22251 	 Loss: 4.3466 	 <Loss>: 4.3978 	 Lin. Disentanglement: 0.9912 	 Perm. Disentanglement: 0.6860
learned lambda values: [6.3, 19.5, 18.8, 6.3, 18.6, 18.9, 6.3, 6.3, 18.7, 6.3] 	
Step: 22501 	 Loss: 4.3621 	 <Loss>: 4.4049 	 Lin. Disentanglement: 0.9890 	 Perm. Disentanglement: 0.6724
learned lambda values: [6.3, 19.7, 18.9, 6.3, 18.7, 19.0, 6.2, 6.3, 18.9, 6.3] 	
Step: 22751 	 Loss: 4.4197 	 <Loss>: 4.3955 	 Lin. Disentanglement: 0.9914 	 Perm. Disentanglement: 0.6912
learned lambda values: [6.2, 19.8, 19.1, 6.3, 18.9, 19.2, 6.2, 6.2, 19.1, 6.2] 	
Step: 23001 	 Loss: 4.3922 	 <Loss>: 4.4009 	 Lin. Disentanglement: 0.9918 	 Perm. Disentanglement: 0.6877
learned lambda values: [6.2, 20.0, 19.3, 6.3, 19.0, 19.3, 6.2, 6.2, 19.2, 6.2] 	
Step: 23251 	 Loss: 4.4620 	 <Loss>: 4.3985 	 Lin. Disentanglement: 0.9916 	 Perm. Disentanglement: 0.6737
learned lambda values: [6.2, 20.1, 19.4, 6.2, 19.2, 19.5, 6.1, 6.2, 19.4, 6.1] 	
Step: 23501 	 Loss: 4.4020 	 <Loss>: 4.3990 	 Lin. Disentanglement: 0.9922 	 Perm. Disentanglement: 0.6854
learned lambda values: [6.1, 20.3, 19.6, 6.2, 19.3, 19.6, 6.1, 6.1, 19.5, 6.1] 	
Step: 23751 	 Loss: 4.4345 	 <Loss>: 4.3997 	 Lin. Disentanglement: 0.9907 	 Perm. Disentanglement: 0.6845
learned lambda values: [6.1, 20.4, 19.7, 6.2, 19.5, 19.8, 6.1, 6.1, 19.7, 6.1] 	
Step: 24001 	 Loss: 4.5556 	 <Loss>: 4.4006 	 Lin. Disentanglement: 0.9912 	 Perm. Disentanglement: 0.6790
learned lambda values: [6.1, 20.5, 19.9, 6.1, 19.6, 19.9, 6.0, 6.1, 19.8, 6.0] 	
Step: 24251 	 Loss: 4.4115 	 <Loss>: 4.3905 	 Lin. Disentanglement: 0.9922 	 Perm. Disentanglement: 0.6799
learned lambda values: [6.0, 20.6, 20.0, 6.1, 19.8, 20.0, 6.0, 6.1, 20.0, 6.0] 	
Step: 24501 	 Loss: 4.3869 	 <Loss>: 4.3904 	 Lin. Disentanglement: 0.9911 	 Perm. Disentanglement: 0.6822
learned lambda values: [6.0, 20.8, 20.1, 6.1, 19.9, 20.2, 6.0, 6.0, 20.1, 6.0] 	
Step: 24751 	 Loss: 4.2643 	 <Loss>: 4.3923 	 Lin. Disentanglement: 0.9928 	 Perm. Disentanglement: 0.6823
learned lambda values: [6.0, 20.9, 20.3, 6.0, 20.0, 20.3, 5.9, 6.0, 20.3, 6.0] 	
Step: 25001 	 Loss: 4.3860 	 <Loss>: 4.3942 	 Lin. Disentanglement: 0.9931 	 Perm. Disentanglement: 0.6774
learned lambda values: [5.9, 21.0, 20.4, 6.0, 20.2, 20.4, 5.9, 6.0, 20.4, 6.0] 	
Step: 25251 	 Loss: 4.4071 	 <Loss>: 4.3901 	 Lin. Disentanglement: 0.9928 	 Perm. Disentanglement: 0.6815
learned lambda values: [5.9, 21.1, 20.5, 6.0, 20.3, 20.5, 5.9, 5.9, 20.5, 5.9] 	
Step: 25501 	 Loss: 4.4848 	 <Loss>: 4.3830 	 Lin. Disentanglement: 0.9919 	 Perm. Disentanglement: 0.6772
learned lambda values: [5.9, 21.2, 20.6, 6.0, 20.4, 20.6, 5.9, 5.9, 20.6, 5.9] 	
Step: 25751 	 Loss: 4.4267 	 <Loss>: 4.3908 	 Lin. Disentanglement: 0.9927 	 Perm. Disentanglement: 0.6800
learned lambda values: [5.9, 21.3, 20.8, 6.0, 20.5, 20.7, 5.9, 5.9, 20.7, 5.9] 	
Step: 26001 	 Loss: 4.4811 	 <Loss>: 4.3884 	 Lin. Disentanglement: 0.9911 	 Perm. Disentanglement: 0.6826
learned lambda values: [5.9, 21.4, 20.9, 5.9, 20.6, 20.8, 5.9, 5.9, 20.8, 5.9] 	
Step: 26251 	 Loss: 4.4405 	 <Loss>: 4.3859 	 Lin. Disentanglement: 0.9931 	 Perm. Disentanglement: 0.6806
learned lambda values: [5.8, 21.5, 21.0, 5.9, 20.8, 20.9, 5.8, 5.9, 21.0, 5.8] 	
Step: 26501 	 Loss: 4.4826 	 <Loss>: 4.3919 	 Lin. Disentanglement: 0.9915 	 Perm. Disentanglement: 0.6811
learned lambda values: [5.8, 21.6, 21.1, 5.9, 20.9, 21.0, 5.8, 5.9, 21.1, 5.8] 	
Step: 26751 	 Loss: 4.4149 	 <Loss>: 4.3900 	 Lin. Disentanglement: 0.9932 	 Perm. Disentanglement: 0.6831
learned lambda values: [5.8, 21.6, 21.2, 5.9, 21.0, 21.1, 5.8, 5.8, 21.1, 5.8] 	
Step: 27001 	 Loss: 4.4661 	 <Loss>: 4.3860 	 Lin. Disentanglement: 0.9930 	 Perm. Disentanglement: 0.6797
learned lambda values: [5.8, 21.7, 21.3, 5.9, 21.1, 21.2, 5.8, 5.8, 21.2, 5.8] 	
Step: 27251 	 Loss: 4.3786 	 <Loss>: 4.3956 	 Lin. Disentanglement: 0.9930 	 Perm. Disentanglement: 0.6780
learned lambda values: [5.8, 21.8, 21.3, 5.8, 21.1, 21.3, 5.8, 5.8, 21.3, 5.8] 	
Step: 27501 	 Loss: 4.4312 	 <Loss>: 4.3924 	 Lin. Disentanglement: 0.9946 	 Perm. Disentanglement: 0.6836
learned lambda values: [5.7, 21.8, 21.4, 5.8, 21.2, 21.3, 5.7, 5.8, 21.4, 5.7] 	
Step: 27751 	 Loss: 4.4433 	 <Loss>: 4.3959 	 Lin. Disentanglement: 0.9928 	 Perm. Disentanglement: 0.6800
learned lambda values: [5.7, 21.9, 21.5, 5.8, 21.3, 21.4, 5.7, 5.8, 21.5, 5.7] 	
Step: 28001 	 Loss: 4.4174 	 <Loss>: 4.3810 	 Lin. Disentanglement: 0.9935 	 Perm. Disentanglement: 0.6796
learned lambda values: [5.7, 22.0, 21.6, 5.8, 21.4, 21.5, 5.7, 5.7, 21.6, 5.7] 	
Step: 28251 	 Loss: 4.3634 	 <Loss>: 4.3852 	 Lin. Disentanglement: 0.9918 	 Perm. Disentanglement: 0.6843
learned lambda values: [5.7, 22.0, 21.6, 5.8, 21.4, 21.5, 5.7, 5.7, 21.7, 5.7] 	
Step: 28501 	 Loss: 4.3479 	 <Loss>: 4.3889 	 Lin. Disentanglement: 0.9914 	 Perm. Disentanglement: 0.6797
learned lambda values: [5.7, 22.1, 21.7, 5.8, 21.5, 21.6, 5.7, 5.7, 21.7, 5.7] 	
Step: 28751 	 Loss: 4.2796 	 <Loss>: 4.3763 	 Lin. Disentanglement: 0.9936 	 Perm. Disentanglement: 0.6844
learned lambda values: [5.7, 22.1, 21.8, 5.8, 21.6, 21.7, 5.7, 5.7, 21.8, 5.7] 	
Step: 29001 	 Loss: 4.3734 	 <Loss>: 4.3796 	 Lin. Disentanglement: 0.9922 	 Perm. Disentanglement: 0.6804
learned lambda values: [5.7, 22.2, 21.8, 5.8, 21.7, 21.7, 5.7, 5.7, 21.9, 5.7] 	
Step: 29251 	 Loss: 4.3034 	 <Loss>: 4.3830 	 Lin. Disentanglement: 0.9939 	 Perm. Disentanglement: 0.6775
learned lambda values: [5.7, 22.2, 21.9, 5.7, 21.7, 21.8, 5.7, 5.7, 21.9, 5.7] 	
Step: 29501 	 Loss: 4.3469 	 <Loss>: 4.3742 	 Lin. Disentanglement: 0.9945 	 Perm. Disentanglement: 0.6815
learned lambda values: [5.7, 22.3, 22.0, 5.7, 21.8, 21.9, 5.7, 5.7, 22.0, 5.7] 	
Step: 29751 	 Loss: 4.4472 	 <Loss>: 4.3816 	 Lin. Disentanglement: 0.9939 	 Perm. Disentanglement: 0.6798
learned lambda values: [5.7, 22.3, 22.0, 5.7, 21.8, 21.9, 5.7, 5.7, 22.0, 5.7] 	
Step: 30001 	 Loss: 4.3944 	 <Loss>: 4.3801 	 Lin. Disentanglement: 0.9935 	 Perm. Disentanglement: 0.6799
learned lambda values: [5.7, 22.4, 22.1, 5.7, 21.9, 21.9, 5.6, 5.7, 22.1, 5.7] 	
Step: 30251 	 Loss: 4.3776 	 <Loss>: 4.3840 	 Lin. Disentanglement: 0.9942 	 Perm. Disentanglement: 0.6783
learned lambda values: [5.7, 22.4, 22.1, 5.7, 21.9, 22.0, 5.6, 5.6, 22.1, 5.6] 	
Step: 30501 	 Loss: 4.3410 	 <Loss>: 4.3817 	 Lin. Disentanglement: 0.9935 	 Perm. Disentanglement: 0.6802
learned lambda values: [5.6, 22.4, 22.2, 5.7, 22.0, 22.0, 5.6, 5.6, 22.2, 5.6] 	
Step: 30751 	 Loss: 4.3471 	 <Loss>: 4.3846 	 Lin. Disentanglement: 0.9946 	 Perm. Disentanglement: 0.6827
learned lambda values: [5.6, 22.4, 22.2, 5.7, 22.0, 22.1, 5.6, 5.6, 22.2, 5.6] 	
Step: 31001 	 Loss: 4.4383 	 <Loss>: 4.3758 	 Lin. Disentanglement: 0.9945 	 Perm. Disentanglement: 0.6798
learned lambda values: [5.6, 22.5, 22.2, 5.7, 22.1, 22.1, 5.6, 5.6, 22.3, 5.6] 	
Step: 31251 	 Loss: 4.3433 	 <Loss>: 4.3707 	 Lin. Disentanglement: 0.9927 	 Perm. Disentanglement: 0.6766
learned lambda values: [5.6, 22.5, 22.3, 5.7, 22.1, 22.1, 5.6, 5.6, 22.3, 5.6] 	
Step: 31501 	 Loss: 4.4753 	 <Loss>: 4.3835 	 Lin. Disentanglement: 0.9939 	 Perm. Disentanglement: 0.6749
learned lambda values: [5.6, 22.6, 22.3, 5.7, 22.2, 22.2, 5.6, 5.6, 22.3, 5.6] 	
Step: 31751 	 Loss: 4.3796 	 <Loss>: 4.3816 	 Lin. Disentanglement: 0.9930 	 Perm. Disentanglement: 0.6895
learned lambda values: [5.6, 22.6, 22.4, 5.7, 22.2, 22.2, 5.6, 5.6, 22.4, 5.6] 	
Step: 32001 	 Loss: 4.3800 	 <Loss>: 4.3809 	 Lin. Disentanglement: 0.9938 	 Perm. Disentanglement: 0.6829
learned lambda values: [5.6, 22.6, 22.4, 5.7, 22.2, 22.2, 5.6, 5.6, 22.4, 5.6] 	
Step: 32251 	 Loss: 4.3328 	 <Loss>: 4.3784 	 Lin. Disentanglement: 0.9936 	 Perm. Disentanglement: 0.6849
learned lambda values: [5.6, 22.6, 22.4, 5.7, 22.3, 22.3, 5.6, 5.6, 22.4, 5.6] 	
Step: 32501 	 Loss: 4.3948 	 <Loss>: 4.3810 	 Lin. Disentanglement: 0.9950 	 Perm. Disentanglement: 0.6836
learned lambda values: [5.6, 22.6, 22.4, 5.7, 22.3, 22.3, 5.6, 5.6, 22.5, 5.6] 	
Step: 32751 	 Loss: 4.3947 	 <Loss>: 4.3873 	 Lin. Disentanglement: 0.9940 	 Perm. Disentanglement: 0.6761
learned lambda values: [5.6, 22.7, 22.5, 5.7, 22.3, 22.3, 5.6, 5.6, 22.5, 5.6] 	
Step: 33001 	 Loss: 4.3207 	 <Loss>: 4.3780 	 Lin. Disentanglement: 0.9949 	 Perm. Disentanglement: 0.6827
learned lambda values: [5.6, 22.7, 22.5, 5.7, 22.4, 22.3, 5.6, 5.6, 22.5, 5.6] 	
Step: 33251 	 Loss: 4.3180 	 <Loss>: 4.3784 	 Lin. Disentanglement: 0.9941 	 Perm. Disentanglement: 0.6828
learned lambda values: [5.6, 22.7, 22.5, 5.7, 22.4, 22.4, 5.6, 5.6, 22.5, 5.6] 	
Step: 33501 	 Loss: 4.4492 	 <Loss>: 4.3755 	 Lin. Disentanglement: 0.9947 	 Perm. Disentanglement: 0.6782
learned lambda values: [5.6, 22.7, 22.5, 5.7, 22.4, 22.4, 5.6, 5.6, 22.6, 5.6] 	
Step: 33751 	 Loss: 4.4104 	 <Loss>: 4.3763 	 Lin. Disentanglement: 0.9940 	 Perm. Disentanglement: 0.6817
learned lambda values: [5.6, 22.7, 22.5, 5.7, 22.4, 22.4, 5.6, 5.6, 22.6, 5.6] 	
Step: 34001 	 Loss: 4.3347 	 <Loss>: 4.3792 	 Lin. Disentanglement: 0.9947 	 Perm. Disentanglement: 0.6823
learned lambda values: [5.6, 22.7, 22.5, 5.7, 22.5, 22.4, 5.6, 5.6, 22.6, 5.6] 	
Step: 34251 	 Loss: 4.3778 	 <Loss>: 4.3731 	 Lin. Disentanglement: 0.9955 	 Perm. Disentanglement: 0.6778
learned lambda values: [5.6, 22.7, 22.6, 5.6, 22.5, 22.4, 5.6, 5.6, 22.6, 5.6] 	
Step: 34501 	 Loss: 4.3884 	 <Loss>: 4.3755 	 Lin. Disentanglement: 0.9940 	 Perm. Disentanglement: 0.6844
learned lambda values: [5.6, 22.8, 22.6, 5.6, 22.5, 22.5, 5.6, 5.6, 22.6, 5.5] 	
Step: 34751 	 Loss: 4.3196 	 <Loss>: 4.3726 	 Lin. Disentanglement: 0.9937 	 Perm. Disentanglement: 0.6808
learned lambda values: [5.6, 22.8, 22.6, 5.6, 22.5, 22.5, 5.6, 5.6, 22.7, 5.5] 	
Step: 35001 	 Loss: 4.3860 	 <Loss>: 4.3785 	 Lin. Disentanglement: 0.9943 	 Perm. Disentanglement: 0.6858
learned lambda values: [5.6, 22.8, 22.6, 5.6, 22.5, 22.5, 5.6, 5.6, 22.7, 5.5] 	
Step: 35251 	 Loss: 4.4226 	 <Loss>: 4.3672 	 Lin. Disentanglement: 0.9953 	 Perm. Disentanglement: 0.6881
learned lambda values: [5.6, 22.8, 22.7, 5.6, 22.6, 22.5, 5.6, 5.6, 22.7, 5.5] 	
Step: 35501 	 Loss: 4.3722 	 <Loss>: 4.3711 	 Lin. Disentanglement: 0.9950 	 Perm. Disentanglement: 0.6856
learned lambda values: [5.6, 22.8, 22.7, 5.6, 22.6, 22.6, 5.6, 5.6, 22.7, 5.5] 	
Step: 35751 	 Loss: 4.4473 	 <Loss>: 4.3769 	 Lin. Disentanglement: 0.9936 	 Perm. Disentanglement: 0.6790
learned lambda values: [5.5, 22.8, 22.7, 5.6, 22.6, 22.6, 5.6, 5.6, 22.7, 5.5] 	
Step: 36001 	 Loss: 4.4393 	 <Loss>: 4.3778 	 Lin. Disentanglement: 0.9951 	 Perm. Disentanglement: 0.6832
learned lambda values: [5.5, 22.8, 22.7, 5.6, 22.6, 22.6, 5.6, 5.6, 22.8, 5.5] 	
Step: 36251 	 Loss: 4.2890 	 <Loss>: 4.3796 	 Lin. Disentanglement: 0.9936 	 Perm. Disentanglement: 0.6828
learned lambda values: [5.5, 22.8, 22.7, 5.6, 22.6, 22.6, 5.6, 5.6, 22.8, 5.5] 	
Step: 36501 	 Loss: 4.3240 	 <Loss>: 4.3747 	 Lin. Disentanglement: 0.9947 	 Perm. Disentanglement: 0.6797
learned lambda values: [5.5, 22.8, 22.7, 5.6, 22.7, 22.6, 5.6, 5.6, 22.8, 5.5] 	
Step: 36751 	 Loss: 4.4780 	 <Loss>: 4.3788 	 Lin. Disentanglement: 0.9948 	 Perm. Disentanglement: 0.6879
learned lambda values: [5.5, 22.8, 22.7, 5.6, 22.7, 22.6, 5.6, 5.6, 22.8, 5.5] 	
Step: 37001 	 Loss: 4.3685 	 <Loss>: 4.3734 	 Lin. Disentanglement: 0.9950 	 Perm. Disentanglement: 0.6839
learned lambda values: [5.5, 22.8, 22.7, 5.6, 22.7, 22.6, 5.6, 5.6, 22.8, 5.6] 	
Step: 37251 	 Loss: 4.4824 	 <Loss>: 4.3743 	 Lin. Disentanglement: 0.9942 	 Perm. Disentanglement: 0.6801
learned lambda values: [5.5, 22.8, 22.8, 5.6, 22.7, 22.6, 5.6, 5.6, 22.8, 5.6] 	
Step: 37501 	 Loss: 4.3326 	 <Loss>: 4.3770 	 Lin. Disentanglement: 0.9951 	 Perm. Disentanglement: 0.6794
learned lambda values: [5.5, 22.8, 22.7, 5.6, 22.7, 22.6, 5.6, 5.6, 22.8, 5.6] 	
Step: 37751 	 Loss: 4.3619 	 <Loss>: 4.3737 	 Lin. Disentanglement: 0.9936 	 Perm. Disentanglement: 0.6906
learned lambda values: [5.5, 22.8, 22.8, 5.6, 22.7, 22.6, 5.6, 5.5, 22.8, 5.5] 	
Step: 38001 	 Loss: 4.4262 	 <Loss>: 4.3679 	 Lin. Disentanglement: 0.9955 	 Perm. Disentanglement: 0.6864
learned lambda values: [5.5, 22.9, 22.8, 5.6, 22.7, 22.6, 5.6, 5.5, 22.8, 5.6] 	
Step: 38251 	 Loss: 4.2423 	 <Loss>: 4.3689 	 Lin. Disentanglement: 0.9952 	 Perm. Disentanglement: 0.6811
learned lambda values: [5.5, 22.9, 22.8, 5.6, 22.8, 22.7, 5.6, 5.6, 22.8, 5.5] 	
Step: 38501 	 Loss: 4.3344 	 <Loss>: 4.3735 	 Lin. Disentanglement: 0.9948 	 Perm. Disentanglement: 0.6790
learned lambda values: [5.5, 22.9, 22.8, 5.6, 22.8, 22.7, 5.6, 5.6, 22.8, 5.5] 	
Step: 38751 	 Loss: 4.4016 	 <Loss>: 4.3763 	 Lin. Disentanglement: 0.9951 	 Perm. Disentanglement: 0.6791
learned lambda values: [5.5, 22.9, 22.8, 5.6, 22.8, 22.7, 5.6, 5.5, 22.9, 5.5] 	
Step: 39001 	 Loss: 4.4459 	 <Loss>: 4.3757 	 Lin. Disentanglement: 0.9948 	 Perm. Disentanglement: 0.6812
learned lambda values: [5.5, 22.9, 22.8, 5.6, 22.8, 22.7, 5.6, 5.5, 22.9, 5.5] 	
Step: 39251 	 Loss: 4.3733 	 <Loss>: 4.3693 	 Lin. Disentanglement: 0.9958 	 Perm. Disentanglement: 0.6855
learned lambda values: [5.5, 22.9, 22.8, 5.6, 22.8, 22.7, 5.6, 5.5, 22.9, 5.5] 	
Step: 39501 	 Loss: 4.2958 	 <Loss>: 4.3754 	 Lin. Disentanglement: 0.9945 	 Perm. Disentanglement: 0.6735
learned lambda values: [5.5, 22.9, 22.8, 5.6, 22.8, 22.7, 5.6, 5.5, 22.9, 5.5] 	
Step: 39751 	 Loss: 4.4110 	 <Loss>: 4.3722 	 Lin. Disentanglement: 0.9949 	 Perm. Disentanglement: 0.6843
learned lambda values: [5.5, 22.9, 22.8, 5.6, 22.8, 22.7, 5.6, 5.5, 22.9, 5.5] 	
Step: 40001 	 Loss: 4.3438 	 <Loss>: 4.3767 	 Lin. Disentanglement: 0.9944 	 Perm. Disentanglement: 0.6853
learned lambda values: [5.5, 22.9, 22.8, 5.6, 22.8, 22.7, 5.6, 5.5, 22.9, 5.5] 	
Step: 40251 	 Loss: 4.3215 	 <Loss>: 4.3762 	 Lin. Disentanglement: 0.9953 	 Perm. Disentanglement: 0.6864
learned lambda values: [5.5, 22.9, 22.8, 5.6, 22.8, 22.7, 5.5, 5.5, 22.9, 5.5] 	
Step: 40501 	 Loss: 4.3497 	 <Loss>: 4.3771 	 Lin. Disentanglement: 0.9939 	 Perm. Disentanglement: 0.6862
learned lambda values: [5.5, 22.9, 22.8, 5.6, 22.8, 22.7, 5.5, 5.5, 22.9, 5.5] 	
Step: 40751 	 Loss: 4.4279 	 <Loss>: 4.3704 	 Lin. Disentanglement: 0.9956 	 Perm. Disentanglement: 0.6869
learned lambda values: [5.5, 22.9, 22.8, 5.6, 22.8, 22.7, 5.5, 5.5, 22.9, 5.5] 	
Step: 41001 	 Loss: 4.3942 	 <Loss>: 4.3665 	 Lin. Disentanglement: 0.9952 	 Perm. Disentanglement: 0.6768
learned lambda values: [5.6, 22.9, 22.8, 5.6, 22.8, 22.7, 5.5, 5.5, 22.9, 5.5] 	
Step: 41251 	 Loss: 4.3692 	 <Loss>: 4.3749 	 Lin. Disentanglement: 0.9919 	 Perm. Disentanglement: 0.6846
learned lambda values: [5.5, 22.9, 22.9, 5.6, 22.8, 22.7, 5.5, 5.5, 22.9, 5.5] 	
Step: 41501 	 Loss: 4.3159 	 <Loss>: 4.3722 	 Lin. Disentanglement: 0.9947 	 Perm. Disentanglement: 0.6800
learned lambda values: [5.5, 22.9, 22.9, 5.6, 22.8, 22.7, 5.5, 5.5, 22.9, 5.5] 	
Step: 41751 	 Loss: 4.3690 	 <Loss>: 4.3699 	 Lin. Disentanglement: 0.9949 	 Perm. Disentanglement: 0.6835
learned lambda values: [5.5, 22.9, 22.9, 5.6, 22.8, 22.7, 5.5, 5.5, 22.9, 5.6] 	
Step: 42001 	 Loss: 4.3665 	 <Loss>: 4.3719 	 Lin. Disentanglement: 0.9935 	 Perm. Disentanglement: 0.6772
learned lambda values: [5.6, 22.9, 22.9, 5.6, 22.8, 22.7, 5.5, 5.5, 23.0, 5.6] 	
Step: 42251 	 Loss: 4.3771 	 <Loss>: 4.3672 	 Lin. Disentanglement: 0.9941 	 Perm. Disentanglement: 0.6884
learned lambda values: [5.6, 22.9, 22.9, 5.6, 22.8, 22.8, 5.5, 5.5, 23.0, 5.6] 	
Step: 42501 	 Loss: 4.3450 	 <Loss>: 4.3739 	 Lin. Disentanglement: 0.9960 	 Perm. Disentanglement: 0.6804
learned lambda values: [5.5, 22.9, 22.9, 5.6, 22.8, 22.8, 5.5, 5.5, 23.0, 5.5] 	
Step: 42751 	 Loss: 4.3501 	 <Loss>: 4.3682 	 Lin. Disentanglement: 0.9951 	 Perm. Disentanglement: 0.6862
learned lambda values: [5.5, 22.9, 22.9, 5.6, 22.8, 22.8, 5.5, 5.5, 23.0, 5.5] 	
Step: 43001 	 Loss: 4.3514 	 <Loss>: 4.3732 	 Lin. Disentanglement: 0.9958 	 Perm. Disentanglement: 0.6801
learned lambda values: [5.5, 22.9, 22.9, 5.6, 22.8, 22.8, 5.5, 5.5, 22.9, 5.5] 	
Step: 43251 	 Loss: 4.3722 	 <Loss>: 4.3681 	 Lin. Disentanglement: 0.9949 	 Perm. Disentanglement: 0.6884
learned lambda values: [5.5, 22.9, 22.9, 5.6, 22.8, 22.8, 5.5, 5.5, 23.0, 5.5] 	
Step: 43501 	 Loss: 4.3617 	 <Loss>: 4.3793 	 Lin. Disentanglement: 0.9949 	 Perm. Disentanglement: 0.6859
learned lambda values: [5.5, 22.9, 22.9, 5.6, 22.8, 22.8, 5.5, 5.5, 23.0, 5.5] 	
Step: 43751 	 Loss: 4.2960 	 <Loss>: 4.3746 	 Lin. Disentanglement: 0.9948 	 Perm. Disentanglement: 0.6842
learned lambda values: [5.5, 22.9, 22.9, 5.6, 22.8, 22.8, 5.5, 5.5, 23.0, 5.5] 	
Step: 44001 	 Loss: 4.3538 	 <Loss>: 4.3759 	 Lin. Disentanglement: 0.9952 	 Perm. Disentanglement: 0.6848
learned lambda values: [5.5, 22.9, 22.9, 5.6, 22.8, 22.8, 5.5, 5.5, 23.0, 5.5] 	
Step: 44251 	 Loss: 4.3053 	 <Loss>: 4.3743 	 Lin. Disentanglement: 0.9952 	 Perm. Disentanglement: 0.6807
learned lambda values: [5.5, 22.9, 22.9, 5.6, 22.8, 22.8, 5.5, 5.5, 23.0, 5.5] 	
Step: 44501 	 Loss: 4.4010 	 <Loss>: 4.3654 	 Lin. Disentanglement: 0.9947 	 Perm. Disentanglement: 0.6801
learned lambda values: [5.5, 22.9, 22.9, 5.6, 22.9, 22.8, 5.5, 5.5, 23.0, 5.5] 	
Step: 44751 	 Loss: 4.4395 	 <Loss>: 4.3771 	 Lin. Disentanglement: 0.9950 	 Perm. Disentanglement: 0.6836
learned lambda values: [5.5, 22.9, 22.9, 5.6, 22.9, 22.8, 5.5, 5.5, 23.0, 5.5] 	
Step: 45001 	 Loss: 4.4224 	 <Loss>: 4.3732 	 Lin. Disentanglement: 0.9961 	 Perm. Disentanglement: 0.6834
learned lambda values: [5.5, 22.9, 22.9, 5.6, 22.8, 22.8, 5.5, 5.5, 23.0, 5.5] 	
Step: 45251 	 Loss: 4.4832 	 <Loss>: 4.3702 	 Lin. Disentanglement: 0.9944 	 Perm. Disentanglement: 0.6852
learned lambda values: [5.5, 22.9, 22.9, 5.6, 22.9, 22.8, 5.5, 5.5, 23.0, 5.5] 	
Step: 45501 	 Loss: 4.2963 	 <Loss>: 4.3702 	 Lin. Disentanglement: 0.9953 	 Perm. Disentanglement: 0.6838
learned lambda values: [5.5, 22.9, 22.9, 5.6, 22.9, 22.8, 5.5, 5.5, 23.0, 5.5] 	
Step: 45751 	 Loss: 4.3953 	 <Loss>: 4.3756 	 Lin. Disentanglement: 0.9953 	 Perm. Disentanglement: 0.6844
learned lambda values: [5.5, 22.9, 22.9, 5.6, 22.9, 22.8, 5.5, 5.5, 23.0, 5.5] 	
Step: 46001 	 Loss: 4.3569 	 <Loss>: 4.3637 	 Lin. Disentanglement: 0.9944 	 Perm. Disentanglement: 0.6864
learned lambda values: [5.5, 22.9, 22.9, 5.6, 22.9, 22.8, 5.5, 5.5, 23.0, 5.5] 	
Step: 46251 	 Loss: 4.4014 	 <Loss>: 4.3776 	 Lin. Disentanglement: 0.9938 	 Perm. Disentanglement: 0.6818
learned lambda values: [5.5, 22.9, 22.9, 5.6, 22.9, 22.8, 5.5, 5.5, 23.0, 5.5] 	
Step: 46501 	 Loss: 4.3945 	 <Loss>: 4.3766 	 Lin. Disentanglement: 0.9953 	 Perm. Disentanglement: 0.6816
learned lambda values: [5.5, 22.9, 22.9, 5.6, 22.9, 22.8, 5.5, 5.5, 23.0, 5.5] 	
Step: 46751 	 Loss: 4.4268 	 <Loss>: 4.3667 	 Lin. Disentanglement: 0.9961 	 Perm. Disentanglement: 0.6821
learned lambda values: [5.5, 22.9, 22.9, 5.6, 22.9, 22.8, 5.5, 5.5, 23.0, 5.5] 	
Step: 47001 	 Loss: 4.2654 	 <Loss>: 4.3672 	 Lin. Disentanglement: 0.9958 	 Perm. Disentanglement: 0.6865
learned lambda values: [5.5, 22.9, 23.0, 5.6, 22.9, 22.8, 5.5, 5.5, 23.0, 5.5] 	
Step: 47251 	 Loss: 4.3837 	 <Loss>: 4.3678 	 Lin. Disentanglement: 0.9961 	 Perm. Disentanglement: 0.6890
learned lambda values: [5.5, 22.9, 23.0, 5.6, 22.9, 22.8, 5.5, 5.5, 23.0, 5.5] 	
Step: 47501 	 Loss: 4.3503 	 <Loss>: 4.3703 	 Lin. Disentanglement: 0.9944 	 Perm. Disentanglement: 0.6815
learned lambda values: [5.5, 22.9, 23.0, 5.6, 22.9, 22.8, 5.5, 5.5, 23.0, 5.5] 	
Step: 47751 	 Loss: 4.4407 	 <Loss>: 4.3714 	 Lin. Disentanglement: 0.9944 	 Perm. Disentanglement: 0.6805
learned lambda values: [5.5, 22.9, 23.0, 5.6, 22.9, 22.8, 5.5, 5.5, 23.0, 5.5] 	
Step: 48001 	 Loss: 4.4117 	 <Loss>: 4.3640 	 Lin. Disentanglement: 0.9962 	 Perm. Disentanglement: 0.6809
learned lambda values: [5.5, 22.9, 23.0, 5.6, 22.9, 22.8, 5.5, 5.5, 23.0, 5.5] 	
Step: 48251 	 Loss: 4.4433 	 <Loss>: 4.3639 	 Lin. Disentanglement: 0.9951 	 Perm. Disentanglement: 0.6783
learned lambda values: [5.5, 22.9, 23.0, 5.6, 22.9, 22.8, 5.5, 5.5, 23.0, 5.5] 	
Step: 48501 	 Loss: 4.4342 	 <Loss>: 4.3650 	 Lin. Disentanglement: 0.9940 	 Perm. Disentanglement: 0.6859
learned lambda values: [5.5, 22.9, 23.0, 5.6, 22.9, 22.9, 5.5, 5.5, 23.0, 5.5] 	
Step: 48751 	 Loss: 4.3198 	 <Loss>: 4.3718 	 Lin. Disentanglement: 0.9952 	 Perm. Disentanglement: 0.6811
learned lambda values: [5.5, 22.9, 23.0, 5.6, 22.9, 22.9, 5.5, 5.5, 23.0, 5.5] 	
Step: 49001 	 Loss: 4.3608 	 <Loss>: 4.3652 	 Lin. Disentanglement: 0.9953 	 Perm. Disentanglement: 0.6804
learned lambda values: [5.5, 23.0, 23.0, 5.6, 22.9, 22.8, 5.5, 5.5, 23.0, 5.5] 	
Step: 49251 	 Loss: 4.3851 	 <Loss>: 4.3717 	 Lin. Disentanglement: 0.9949 	 Perm. Disentanglement: 0.6809
learned lambda values: [5.5, 22.9, 23.0, 5.6, 22.9, 22.8, 5.5, 5.5, 23.0, 5.5] 	
Step: 49501 	 Loss: 4.3691 	 <Loss>: 4.3626 	 Lin. Disentanglement: 0.9947 	 Perm. Disentanglement: 0.6781
learned lambda values: [5.5, 23.0, 23.0, 5.6, 22.9, 22.8, 5.5, 5.5, 23.0, 5.5] 	
Step: 49751 	 Loss: 4.4884 	 <Loss>: 4.3720 	 Lin. Disentanglement: 0.9951 	 Perm. Disentanglement: 0.6792
learned lambda values: [5.5, 23.0, 23.0, 5.6, 22.9, 22.8, 5.5, 5.5, 23.0, 5.5] 	
Step: 50001 	 Loss: 4.3697 	 <Loss>: 4.3682 	 Lin. Disentanglement: 0.9948 	 Perm. Disentanglement: 0.6747
learned lambda values: [5.5, 23.0, 23.0, 5.6, 22.9, 22.9, 5.5, 5.5, 23.0, 5.5] 	
Step: 50251 	 Loss: 4.3966 	 <Loss>: 4.3689 	 Lin. Disentanglement: 0.9938 	 Perm. Disentanglement: 0.6846
learned lambda values: [5.5, 23.0, 23.0, 5.6, 22.9, 22.9, 5.5, 5.5, 23.0, 5.5] 	
Step: 50501 	 Loss: 4.4762 	 <Loss>: 4.3704 	 Lin. Disentanglement: 0.9950 	 Perm. Disentanglement: 0.6805
learned lambda values: [5.5, 23.0, 23.0, 5.6, 22.9, 22.9, 5.5, 5.5, 23.0, 5.5] 	
Step: 50751 	 Loss: 4.4481 	 <Loss>: 4.3700 	 Lin. Disentanglement: 0.9949 	 Perm. Disentanglement: 0.6798
learned lambda values: [5.5, 23.0, 23.0, 5.6, 22.9, 22.9, 5.5, 5.5, 23.0, 5.5] 	
Step: 51001 	 Loss: 4.3705 	 <Loss>: 4.3632 	 Lin. Disentanglement: 0.9957 	 Perm. Disentanglement: 0.6858
learned lambda values: [5.5, 23.0, 23.0, 5.6, 22.9, 22.9, 5.5, 5.5, 23.0, 5.5] 	
Step: 51251 	 Loss: 4.2593 	 <Loss>: 4.3644 	 Lin. Disentanglement: 0.9956 	 Perm. Disentanglement: 0.6924
learned lambda values: [5.5, 23.0, 23.0, 5.6, 22.9, 22.9, 5.6, 5.5, 23.0, 5.5] 	
Step: 51501 	 Loss: 4.3053 	 <Loss>: 4.3693 	 Lin. Disentanglement: 0.9954 	 Perm. Disentanglement: 0.6913
learned lambda values: [5.5, 23.0, 23.0, 5.6, 22.9, 22.9, 5.5, 5.5, 23.0, 5.5] 	
Step: 51751 	 Loss: 4.3094 	 <Loss>: 4.3663 	 Lin. Disentanglement: 0.9945 	 Perm. Disentanglement: 0.6767
learned lambda values: [5.5, 23.0, 23.0, 5.6, 22.9, 22.9, 5.5, 5.5, 23.0, 5.5] 	
Step: 52001 	 Loss: 4.3006 	 <Loss>: 4.3682 	 Lin. Disentanglement: 0.9949 	 Perm. Disentanglement: 0.6879
learned lambda values: [5.5, 23.0, 23.0, 5.6, 22.9, 22.9, 5.5, 5.5, 23.0, 5.5] 	
Step: 52251 	 Loss: 4.4394 	 <Loss>: 4.3622 	 Lin. Disentanglement: 0.9953 	 Perm. Disentanglement: 0.6805
learned lambda values: [5.5, 23.0, 23.0, 5.6, 22.9, 22.9, 5.5, 5.5, 23.0, 5.5] 	
Step: 52501 	 Loss: 4.4295 	 <Loss>: 4.3713 	 Lin. Disentanglement: 0.9955 	 Perm. Disentanglement: 0.6877
learned lambda values: [5.5, 23.0, 23.0, 5.6, 22.9, 22.9, 5.5, 5.5, 23.0, 5.5] 	
Step: 52751 	 Loss: 4.4858 	 <Loss>: 4.3703 	 Lin. Disentanglement: 0.9954 	 Perm. Disentanglement: 0.6813
learned lambda values: [5.5, 23.0, 23.0, 5.6, 22.9, 22.9, 5.5, 5.5, 23.0, 5.5] 	
Step: 53001 	 Loss: 4.3582 	 <Loss>: 4.3752 	 Lin. Disentanglement: 0.9953 	 Perm. Disentanglement: 0.6921
learned lambda values: [5.5, 23.0, 23.0, 5.6, 22.9, 22.9, 5.5, 5.5, 23.0, 5.5] 	
Step: 53251 	 Loss: 4.3631 	 <Loss>: 4.3676 	 Lin. Disentanglement: 0.9962 	 Perm. Disentanglement: 0.6897
learned lambda values: [5.5, 23.0, 23.0, 5.6, 22.9, 22.9, 5.5, 5.5, 23.0, 5.5] 	
Step: 53501 	 Loss: 4.3208 	 <Loss>: 4.3651 	 Lin. Disentanglement: 0.9960 	 Perm. Disentanglement: 0.6855
learned lambda values: [5.5, 23.0, 23.0, 5.6, 22.9, 22.9, 5.5, 5.5, 23.0, 5.5] 	
Step: 53751 	 Loss: 4.4337 	 <Loss>: 4.3645 	 Lin. Disentanglement: 0.9967 	 Perm. Disentanglement: 0.6819
learned lambda values: [5.5, 23.0, 23.0, 5.6, 22.9, 22.9, 5.5, 5.5, 23.0, 5.5] 	
Step: 54001 	 Loss: 4.4515 	 <Loss>: 4.3679 	 Lin. Disentanglement: 0.9955 	 Perm. Disentanglement: 0.6784
learned lambda values: [5.5, 23.0, 23.0, 5.6, 22.9, 22.9, 5.5, 5.5, 23.0, 5.5] 	
Step: 54251 	 Loss: 4.4077 	 <Loss>: 4.3630 	 Lin. Disentanglement: 0.9949 	 Perm. Disentanglement: 0.6806
learned lambda values: [5.5, 23.0, 23.0, 5.6, 22.9, 22.9, 5.5, 5.5, 23.0, 5.5] 	
Step: 54501 	 Loss: 4.3452 	 <Loss>: 4.3695 	 Lin. Disentanglement: 0.9959 	 Perm. Disentanglement: 0.6830
learned lambda values: [5.5, 23.0, 23.0, 5.6, 22.9, 22.9, 5.5, 5.5, 23.0, 5.5] 	
Step: 54751 	 Loss: 4.2970 	 <Loss>: 4.3606 	 Lin. Disentanglement: 0.9964 	 Perm. Disentanglement: 0.6914
learned lambda values: [5.5, 23.0, 23.0, 5.6, 22.9, 22.9, 5.6, 5.5, 23.0, 5.5] 	
Step: 55001 	 Loss: 4.4287 	 <Loss>: 4.3676 	 Lin. Disentanglement: 0.9962 	 Perm. Disentanglement: 0.6837
learned lambda values: [5.5, 23.0, 23.0, 5.6, 22.9, 22.9, 5.5, 5.5, 23.0, 5.5] 	
Step: 55251 	 Loss: 4.3915 	 <Loss>: 4.3701 	 Lin. Disentanglement: 0.9956 	 Perm. Disentanglement: 0.6875
learned lambda values: [5.5, 23.0, 23.0, 5.6, 22.9, 22.9, 5.5, 5.5, 23.0, 5.5] 	
Step: 55501 	 Loss: 4.4196 	 <Loss>: 4.3673 	 Lin. Disentanglement: 0.9944 	 Perm. Disentanglement: 0.6890
learned lambda values: [5.5, 23.0, 23.0, 5.6, 22.9, 22.9, 5.5, 5.5, 23.0, 5.5] 	
Step: 55751 	 Loss: 4.3644 	 <Loss>: 4.3660 	 Lin. Disentanglement: 0.9949 	 Perm. Disentanglement: 0.6819
learned lambda values: [5.5, 23.0, 23.0, 5.6, 22.9, 22.9, 5.5, 5.5, 23.0, 5.5] 	
Step: 56001 	 Loss: 4.3886 	 <Loss>: 4.3657 	 Lin. Disentanglement: 0.9946 	 Perm. Disentanglement: 0.6791
learned lambda values: [5.5, 23.0, 23.0, 5.6, 22.9, 22.9, 5.5, 5.5, 23.0, 5.5] 	
Step: 56251 	 Loss: 4.3694 	 <Loss>: 4.3607 	 Lin. Disentanglement: 0.9956 	 Perm. Disentanglement: 0.6853
learned lambda values: [5.5, 23.0, 23.0, 5.6, 22.9, 22.9, 5.5, 5.5, 23.0, 5.5] 	
Step: 56501 	 Loss: 4.4191 	 <Loss>: 4.3643 	 Lin. Disentanglement: 0.9950 	 Perm. Disentanglement: 0.6822
learned lambda values: [5.5, 23.0, 23.0, 5.6, 22.9, 22.9, 5.5, 5.5, 23.0, 5.5] 	
Step: 56751 	 Loss: 4.3535 	 <Loss>: 4.3626 	 Lin. Disentanglement: 0.9951 	 Perm. Disentanglement: 0.6876
learned lambda values: [5.5, 23.0, 23.0, 5.6, 22.9, 22.9, 5.5, 5.5, 23.0, 5.5] 	
Step: 57001 	 Loss: 4.4592 	 <Loss>: 4.3710 	 Lin. Disentanglement: 0.9961 	 Perm. Disentanglement: 0.6817
learned lambda values: [5.5, 23.0, 23.0, 5.6, 22.9, 22.9, 5.5, 5.5, 23.0, 5.5] 	
Step: 57251 	 Loss: 4.3568 	 <Loss>: 4.3596 	 Lin. Disentanglement: 0.9949 	 Perm. Disentanglement: 0.6774
learned lambda values: [5.5, 23.0, 23.0, 5.6, 22.9, 22.9, 5.5, 5.5, 23.0, 5.5] 	
Step: 57501 	 Loss: 4.3737 	 <Loss>: 4.3633 	 Lin. Disentanglement: 0.9946 	 Perm. Disentanglement: 0.6766
learned lambda values: [5.5, 23.0, 23.0, 5.6, 22.9, 22.9, 5.5, 5.5, 23.0, 5.5] 	
Step: 57751 	 Loss: 4.3025 	 <Loss>: 4.3674 	 Lin. Disentanglement: 0.9964 	 Perm. Disentanglement: 0.6845
learned lambda values: [5.5, 23.0, 23.0, 5.6, 22.9, 22.9, 5.5, 5.5, 23.0, 5.5] 	
Step: 58001 	 Loss: 4.3159 	 <Loss>: 4.3619 	 Lin. Disentanglement: 0.9962 	 Perm. Disentanglement: 0.6821
learned lambda values: [5.5, 23.0, 23.0, 5.6, 23.0, 22.9, 5.5, 5.5, 23.0, 5.5] 	
Step: 58251 	 Loss: 4.3284 	 <Loss>: 4.3654 	 Lin. Disentanglement: 0.9956 	 Perm. Disentanglement: 0.6838
learned lambda values: [5.5, 23.0, 23.0, 5.6, 23.0, 22.9, 5.5, 5.5, 23.0, 5.5] 	
Step: 58501 	 Loss: 4.3403 	 <Loss>: 4.3667 	 Lin. Disentanglement: 0.9953 	 Perm. Disentanglement: 0.6858
learned lambda values: [5.5, 23.0, 23.0, 5.6, 23.0, 22.9, 5.5, 5.5, 23.0, 5.5] 	
Step: 58751 	 Loss: 4.3517 	 <Loss>: 4.3664 	 Lin. Disentanglement: 0.9963 	 Perm. Disentanglement: 0.6846
learned lambda values: [5.5, 23.0, 23.0, 5.5, 23.0, 22.9, 5.5, 5.5, 23.0, 5.5] 	
Step: 59001 	 Loss: 4.3826 	 <Loss>: 4.3679 	 Lin. Disentanglement: 0.9954 	 Perm. Disentanglement: 0.6845
learned lambda values: [5.5, 23.0, 23.0, 5.6, 23.0, 22.9, 5.5, 5.5, 23.0, 5.5] 	
Step: 59251 	 Loss: 4.3950 	 <Loss>: 4.3626 	 Lin. Disentanglement: 0.9954 	 Perm. Disentanglement: 0.6839
learned lambda values: [5.5, 23.0, 23.0, 5.6, 23.0, 22.9, 5.5, 5.5, 23.0, 5.5] 	
Step: 59501 	 Loss: 4.3310 	 <Loss>: 4.3620 	 Lin. Disentanglement: 0.9952 	 Perm. Disentanglement: 0.6813
learned lambda values: [5.5, 23.0, 23.0, 5.6, 23.0, 22.9, 5.5, 5.5, 23.0, 5.5] 	
Step: 59751 	 Loss: 4.4604 	 <Loss>: 4.3645 	 Lin. Disentanglement: 0.9954 	 Perm. Disentanglement: 0.6801
learned lambda values: [5.5, 23.0, 23.0, 5.6, 23.0, 22.9, 5.5, 5.5, 23.0, 5.5] 	
Step: 60001 	 Loss: 4.3596 	 <Loss>: 4.3624 	 Lin. Disentanglement: 0.9948 	 Perm. Disentanglement: 0.6857
learned lambda values: [5.5, 23.0, 23.0, 5.6, 23.0, 22.9, 5.5, 5.5, 23.0, 5.5] 	
Step: 60251 	 Loss: 4.3307 	 <Loss>: 4.3564 	 Lin. Disentanglement: 0.9952 	 Perm. Disentanglement: 0.6825
learned lambda values: [5.5, 23.0, 23.0, 5.6, 23.0, 22.9, 5.5, 5.5, 23.0, 5.6] 	
Step: 60501 	 Loss: 4.3726 	 <Loss>: 4.3635 	 Lin. Disentanglement: 0.9958 	 Perm. Disentanglement: 0.6854
learned lambda values: [5.5, 23.0, 23.0, 5.6, 23.0, 22.9, 5.5, 5.5, 23.0, 5.6] 	
Step: 60751 	 Loss: 4.3452 	 <Loss>: 4.3622 	 Lin. Disentanglement: 0.9958 	 Perm. Disentanglement: 0.6846
learned lambda values: [5.5, 23.0, 23.0, 5.6, 23.0, 22.9, 5.5, 5.6, 23.0, 5.6] 	
Step: 61001 	 Loss: 4.2614 	 <Loss>: 4.3665 	 Lin. Disentanglement: 0.9956 	 Perm. Disentanglement: 0.6768
learned lambda values: [5.5, 23.0, 23.0, 5.6, 23.0, 22.9, 5.5, 5.5, 23.0, 5.5] 	
Step: 61251 	 Loss: 4.3076 	 <Loss>: 4.3675 	 Lin. Disentanglement: 0.9957 	 Perm. Disentanglement: 0.6873
learned lambda values: [5.5, 23.0, 23.0, 5.6, 23.0, 22.9, 5.5, 5.5, 23.0, 5.5] 	
Step: 61501 	 Loss: 4.2716 	 <Loss>: 4.3631 	 Lin. Disentanglement: 0.9965 	 Perm. Disentanglement: 0.6771
learned lambda values: [5.5, 23.0, 23.1, 5.6, 23.0, 22.9, 5.5, 5.5, 23.0, 5.5] 	
Step: 61751 	 Loss: 4.3289 	 <Loss>: 4.3570 	 Lin. Disentanglement: 0.9951 	 Perm. Disentanglement: 0.6836
learned lambda values: [5.5, 23.0, 23.1, 5.6, 23.0, 22.9, 5.5, 5.5, 23.0, 5.5] 	
Step: 62001 	 Loss: 4.3428 	 <Loss>: 4.3683 	 Lin. Disentanglement: 0.9954 	 Perm. Disentanglement: 0.6837
learned lambda values: [5.5, 23.0, 23.1, 5.6, 23.0, 22.9, 5.5, 5.5, 23.0, 5.5] 	
Step: 62251 	 Loss: 4.3908 	 <Loss>: 4.3656 	 Lin. Disentanglement: 0.9960 	 Perm. Disentanglement: 0.6799
learned lambda values: [5.5, 23.0, 23.0, 5.6, 23.0, 22.9, 5.5, 5.5, 23.0, 5.5] 	
Step: 62501 	 Loss: 4.2471 	 <Loss>: 4.3615 	 Lin. Disentanglement: 0.9957 	 Perm. Disentanglement: 0.6834
learned lambda values: [5.5, 23.0, 23.0, 5.6, 23.0, 22.9, 5.5, 5.5, 23.0, 5.5] 	
Step: 62751 	 Loss: 4.3323 	 <Loss>: 4.3637 	 Lin. Disentanglement: 0.9955 	 Perm. Disentanglement: 0.6812
learned lambda values: [5.5, 23.0, 23.0, 5.6, 23.0, 22.9, 5.5, 5.6, 23.0, 5.5] 	
Step: 63001 	 Loss: 4.3661 	 <Loss>: 4.3589 	 Lin. Disentanglement: 0.9958 	 Perm. Disentanglement: 0.6842
learned lambda values: [5.5, 23.0, 23.0, 5.6, 23.0, 22.9, 5.5, 5.6, 23.0, 5.5] 	
Step: 63251 	 Loss: 4.2351 	 <Loss>: 4.3668 	 Lin. Disentanglement: 0.9959 	 Perm. Disentanglement: 0.6833
learned lambda values: [5.5, 23.0, 23.0, 5.6, 23.0, 22.9, 5.5, 5.5, 23.0, 5.5] 	
Step: 63501 	 Loss: 4.3203 	 <Loss>: 4.3588 	 Lin. Disentanglement: 0.9955 	 Perm. Disentanglement: 0.6795
learned lambda values: [5.5, 23.0, 23.1, 5.6, 23.0, 22.9, 5.5, 5.5, 23.0, 5.5] 	
Step: 63751 	 Loss: 4.3439 	 <Loss>: 4.3581 	 Lin. Disentanglement: 0.9960 	 Perm. Disentanglement: 0.6804
learned lambda values: [5.5, 23.0, 23.1, 5.6, 23.0, 22.9, 5.5, 5.5, 23.0, 5.5] 	
Step: 64001 	 Loss: 4.2907 	 <Loss>: 4.3676 	 Lin. Disentanglement: 0.9968 	 Perm. Disentanglement: 0.6837
learned lambda values: [5.5, 23.0, 23.1, 5.6, 23.0, 22.9, 5.5, 5.5, 23.0, 5.5] 	
Step: 64251 	 Loss: 4.4719 	 <Loss>: 4.3694 	 Lin. Disentanglement: 0.9954 	 Perm. Disentanglement: 0.6779
learned lambda values: [5.5, 23.0, 23.1, 5.6, 23.0, 22.9, 5.5, 5.5, 23.0, 5.5] 	
Step: 64501 	 Loss: 4.3454 	 <Loss>: 4.3626 	 Lin. Disentanglement: 0.9964 	 Perm. Disentanglement: 0.6807
learned lambda values: [5.5, 23.0, 23.1, 5.6, 23.0, 22.9, 5.5, 5.5, 23.0, 5.5] 	
Step: 64751 	 Loss: 4.4152 	 <Loss>: 4.3611 	 Lin. Disentanglement: 0.9953 	 Perm. Disentanglement: 0.6823
learned lambda values: [5.5, 23.0, 23.1, 5.6, 23.0, 22.9, 5.5, 5.5, 23.0, 5.5] 	
Step: 65001 	 Loss: 4.4024 	 <Loss>: 4.3615 	 Lin. Disentanglement: 0.9963 	 Perm. Disentanglement: 0.6851
learned lambda values: [5.5, 23.0, 23.1, 5.6, 23.0, 22.9, 5.5, 5.5, 23.0, 5.5] 	
Step: 65251 	 Loss: 4.3889 	 <Loss>: 4.3677 	 Lin. Disentanglement: 0.9965 	 Perm. Disentanglement: 0.6859
learned lambda values: [5.5, 23.0, 23.1, 5.6, 23.0, 22.9, 5.5, 5.5, 23.0, 5.5] 	
Step: 65501 	 Loss: 4.3509 	 <Loss>: 4.3670 	 Lin. Disentanglement: 0.9957 	 Perm. Disentanglement: 0.6834
learned lambda values: [5.5, 23.0, 23.1, 5.6, 23.0, 22.9, 5.5, 5.5, 23.0, 5.5] 	
Step: 65751 	 Loss: 4.4498 	 <Loss>: 4.3611 	 Lin. Disentanglement: 0.9964 	 Perm. Disentanglement: 0.6813
learned lambda values: [5.5, 23.0, 23.1, 5.6, 23.0, 22.9, 5.5, 5.5, 23.0, 5.5] 	
Step: 66001 	 Loss: 4.3876 	 <Loss>: 4.3599 	 Lin. Disentanglement: 0.9955 	 Perm. Disentanglement: 0.6826
learned lambda values: [5.5, 23.0, 23.1, 5.6, 23.0, 22.9, 5.5, 5.5, 23.0, 5.5] 	
Step: 66251 	 Loss: 4.3200 	 <Loss>: 4.3594 	 Lin. Disentanglement: 0.9963 	 Perm. Disentanglement: 0.6869
learned lambda values: [5.5, 23.0, 23.1, 5.6, 23.0, 22.9, 5.5, 5.5, 23.0, 5.5] 	
Step: 66501 	 Loss: 4.3601 	 <Loss>: 4.3589 	 Lin. Disentanglement: 0.9964 	 Perm. Disentanglement: 0.6861
learned lambda values: [5.5, 23.0, 23.1, 5.6, 23.0, 22.9, 5.5, 5.5, 23.0, 5.5] 	
Step: 66751 	 Loss: 4.2839 	 <Loss>: 4.3631 	 Lin. Disentanglement: 0.9959 	 Perm. Disentanglement: 0.6796
learned lambda values: [5.5, 23.0, 23.1, 5.6, 23.0, 22.9, 5.5, 5.5, 23.0, 5.5] 	
Step: 67001 	 Loss: 4.3772 	 <Loss>: 4.3642 	 Lin. Disentanglement: 0.9962 	 Perm. Disentanglement: 0.6809
learned lambda values: [5.5, 23.0, 23.0, 5.6, 23.0, 22.9, 5.5, 5.5, 23.1, 5.5] 	
Step: 67251 	 Loss: 4.3419 	 <Loss>: 4.3564 	 Lin. Disentanglement: 0.9966 	 Perm. Disentanglement: 0.6871
learned lambda values: [5.5, 23.0, 23.1, 5.6, 23.0, 22.9, 5.5, 5.5, 23.0, 5.5] 	
Step: 67501 	 Loss: 4.2812 	 <Loss>: 4.3632 	 Lin. Disentanglement: 0.9964 	 Perm. Disentanglement: 0.6864
learned lambda values: [5.5, 23.0, 23.1, 5.6, 23.0, 22.9, 5.5, 5.5, 23.0, 5.5] 	
Step: 67751 	 Loss: 4.3812 	 <Loss>: 4.3585 	 Lin. Disentanglement: 0.9956 	 Perm. Disentanglement: 0.6888
learned lambda values: [5.5, 23.0, 23.1, 5.6, 23.0, 22.9, 5.5, 5.5, 23.1, 5.5] 	
Step: 68001 	 Loss: 4.3039 	 <Loss>: 4.3616 	 Lin. Disentanglement: 0.9967 	 Perm. Disentanglement: 0.6891
learned lambda values: [5.5, 23.0, 23.0, 5.6, 23.0, 22.9, 5.5, 5.5, 23.1, 5.5] 	
Step: 68251 	 Loss: 4.3605 	 <Loss>: 4.3638 	 Lin. Disentanglement: 0.9959 	 Perm. Disentanglement: 0.6803
learned lambda values: [5.5, 23.0, 23.0, 5.6, 23.0, 22.9, 5.5, 5.5, 23.1, 5.5] 	
Step: 68501 	 Loss: 4.4657 	 <Loss>: 4.3640 	 Lin. Disentanglement: 0.9955 	 Perm. Disentanglement: 0.6757
learned lambda values: [5.6, 23.0, 23.0, 5.6, 23.0, 22.9, 5.5, 5.5, 23.0, 5.5] 	
Step: 68751 	 Loss: 4.3764 	 <Loss>: 4.3584 	 Lin. Disentanglement: 0.9966 	 Perm. Disentanglement: 0.6864
learned lambda values: [5.6, 23.0, 23.0, 5.6, 23.0, 22.9, 5.6, 5.5, 23.1, 5.5] 	
Step: 69001 	 Loss: 4.4191 	 <Loss>: 4.3649 	 Lin. Disentanglement: 0.9958 	 Perm. Disentanglement: 0.6788
learned lambda values: [5.5, 23.0, 23.0, 5.6, 23.0, 22.9, 5.5, 5.5, 23.1, 5.5] 	
Step: 69251 	 Loss: 4.3445 	 <Loss>: 4.3591 	 Lin. Disentanglement: 0.9950 	 Perm. Disentanglement: 0.6779
learned lambda values: [5.5, 23.0, 23.0, 5.6, 23.0, 22.9, 5.5, 5.5, 23.1, 5.5] 	
Step: 69501 	 Loss: 4.2652 	 <Loss>: 4.3640 	 Lin. Disentanglement: 0.9962 	 Perm. Disentanglement: 0.6862
learned lambda values: [5.5, 23.0, 23.0, 5.6, 23.0, 22.9, 5.5, 5.5, 23.0, 5.5] 	
Step: 69751 	 Loss: 4.3885 	 <Loss>: 4.3561 	 Lin. Disentanglement: 0.9949 	 Perm. Disentanglement: 0.6861
learned lambda values: [5.5, 23.0, 23.0, 5.6, 23.0, 22.9, 5.5, 5.6, 23.1, 5.5] 	
Step: 70001 	 Loss: 4.3349 	 <Loss>: 4.3523 	 Lin. Disentanglement: 0.9960 	 Perm. Disentanglement: 0.6824
learned lambda values: [5.6, 23.0, 23.0, 5.6, 23.0, 23.0, 5.5, 5.6, 23.1, 5.6] 	
Step: 70251 	 Loss: 4.4182 	 <Loss>: 4.3581 	 Lin. Disentanglement: 0.9954 	 Perm. Disentanglement: 0.6771
learned lambda values: [5.6, 23.0, 23.0, 5.6, 23.0, 23.0, 5.5, 5.6, 23.1, 5.5] 	
Step: 70501 	 Loss: 4.2982 	 <Loss>: 4.3532 	 Lin. Disentanglement: 0.9962 	 Perm. Disentanglement: 0.6786
learned lambda values: [5.6, 23.0, 23.0, 5.6, 23.0, 23.0, 5.6, 5.6, 23.1, 5.5] 	
Step: 70751 	 Loss: 4.4106 	 <Loss>: 4.3572 	 Lin. Disentanglement: 0.9962 	 Perm. Disentanglement: 0.6771
learned lambda values: [5.6, 23.0, 23.0, 5.6, 23.0, 23.0, 5.6, 5.6, 23.1, 5.5] 	
Step: 71001 	 Loss: 4.3688 	 <Loss>: 4.3630 	 Lin. Disentanglement: 0.9958 	 Perm. Disentanglement: 0.6821
learned lambda values: [5.5, 23.0, 23.0, 5.6, 23.0, 23.0, 5.5, 5.5, 23.1, 5.5] 	
Step: 71251 	 Loss: 4.3658 	 <Loss>: 4.3650 	 Lin. Disentanglement: 0.9955 	 Perm. Disentanglement: 0.6863
learned lambda values: [5.5, 23.0, 23.0, 5.6, 23.0, 23.0, 5.5, 5.5, 23.1, 5.5] 	
Step: 71501 	 Loss: 4.4290 	 <Loss>: 4.3565 	 Lin. Disentanglement: 0.9955 	 Perm. Disentanglement: 0.6852
learned lambda values: [5.5, 23.0, 23.0, 5.6, 23.0, 23.0, 5.5, 5.6, 23.1, 5.5] 	
Step: 71751 	 Loss: 4.4518 	 <Loss>: 4.3580 	 Lin. Disentanglement: 0.9955 	 Perm. Disentanglement: 0.6856
learned lambda values: [5.6, 23.0, 23.0, 5.6, 23.0, 23.0, 5.5, 5.6, 23.1, 5.5] 	
Step: 72001 	 Loss: 4.3408 	 <Loss>: 4.3611 	 Lin. Disentanglement: 0.9960 	 Perm. Disentanglement: 0.6798
learned lambda values: [5.6, 23.0, 23.0, 5.6, 23.0, 23.0, 5.5, 5.6, 23.1, 5.5] 	
Step: 72251 	 Loss: 4.3640 	 <Loss>: 4.3533 	 Lin. Disentanglement: 0.9959 	 Perm. Disentanglement: 0.6854
learned lambda values: [5.6, 23.0, 23.0, 5.6, 23.0, 22.9, 5.5, 5.6, 23.1, 5.5] 	
Step: 72501 	 Loss: 4.4978 	 <Loss>: 4.3605 	 Lin. Disentanglement: 0.9959 	 Perm. Disentanglement: 0.6895
learned lambda values: [5.6, 23.0, 23.0, 5.6, 23.0, 22.9, 5.5, 5.5, 23.1, 5.5] 	
Step: 72751 	 Loss: 4.3908 	 <Loss>: 4.3604 	 Lin. Disentanglement: 0.9948 	 Perm. Disentanglement: 0.6855
learned lambda values: [5.6, 23.0, 23.1, 5.6, 23.0, 22.9, 5.5, 5.5, 23.1, 5.5] 	
Step: 73001 	 Loss: 4.3529 	 <Loss>: 4.3599 	 Lin. Disentanglement: 0.9957 	 Perm. Disentanglement: 0.6878
learned lambda values: [5.6, 23.0, 23.1, 5.6, 23.0, 22.9, 5.5, 5.5, 23.1, 5.5] 	
Step: 73251 	 Loss: 4.3329 	 <Loss>: 4.3590 	 Lin. Disentanglement: 0.9959 	 Perm. Disentanglement: 0.6849
learned lambda values: [5.5, 23.0, 23.1, 5.6, 23.0, 22.9, 5.5, 5.5, 23.1, 5.5] 	
Step: 73501 	 Loss: 4.5533 	 <Loss>: 4.3645 	 Lin. Disentanglement: 0.9961 	 Perm. Disentanglement: 0.6824
learned lambda values: [5.5, 23.0, 23.1, 5.6, 23.1, 22.9, 5.5, 5.5, 23.1, 5.5] 	
Step: 73751 	 Loss: 4.3541 	 <Loss>: 4.3594 	 Lin. Disentanglement: 0.9961 	 Perm. Disentanglement: 0.6844
learned lambda values: [5.5, 23.0, 23.1, 5.6, 23.1, 22.9, 5.5, 5.5, 23.1, 5.5] 	
Step: 74001 	 Loss: 4.3524 	 <Loss>: 4.3577 	 Lin. Disentanglement: 0.9968 	 Perm. Disentanglement: 0.6834
learned lambda values: [5.5, 23.0, 23.1, 5.6, 23.1, 22.9, 5.5, 5.5, 23.1, 5.5] 	
Step: 74251 	 Loss: 4.3309 	 <Loss>: 4.3604 	 Lin. Disentanglement: 0.9966 	 Perm. Disentanglement: 0.6849
learned lambda values: [5.5, 23.0, 23.1, 5.6, 23.0, 22.9, 5.5, 5.5, 23.1, 5.5] 	
Step: 74501 	 Loss: 4.3618 	 <Loss>: 4.3631 	 Lin. Disentanglement: 0.9956 	 Perm. Disentanglement: 0.6833
learned lambda values: [5.5, 23.0, 23.1, 5.6, 23.0, 22.9, 5.5, 5.5, 23.1, 5.5] 	
Step: 74751 	 Loss: 4.4151 	 <Loss>: 4.3614 	 Lin. Disentanglement: 0.9942 	 Perm. Disentanglement: 0.6857
learned lambda values: [5.5, 23.0, 23.1, 5.6, 23.0, 22.9, 5.5, 5.5, 23.1, 5.5] 	
Step: 75001 	 Loss: 4.2929 	 <Loss>: 4.3580 	 Lin. Disentanglement: 0.9961 	 Perm. Disentanglement: 0.6771
learned lambda values: [5.5, 23.0, 23.1, 5.6, 23.0, 22.9, 5.5, 5.5, 23.1, 5.5] 	
Step: 75251 	 Loss: 4.2979 	 <Loss>: 4.3597 	 Lin. Disentanglement: 0.9961 	 Perm. Disentanglement: 0.6819
learned lambda values: [5.5, 23.0, 23.1, 5.6, 23.0, 22.9, 5.5, 5.5, 23.1, 5.5] 	
Step: 75501 	 Loss: 4.3893 	 <Loss>: 4.3664 	 Lin. Disentanglement: 0.9960 	 Perm. Disentanglement: 0.6813
learned lambda values: [5.5, 23.0, 23.1, 5.6, 23.0, 22.9, 5.5, 5.5, 23.1, 5.5] 	
Step: 75751 	 Loss: 4.4047 	 <Loss>: 4.3587 	 Lin. Disentanglement: 0.9963 	 Perm. Disentanglement: 0.6874
learned lambda values: [5.5, 23.0, 23.1, 5.6, 23.0, 22.9, 5.5, 5.5, 23.1, 5.5] 	
Step: 76001 	 Loss: 4.3397 	 <Loss>: 4.3629 	 Lin. Disentanglement: 0.9940 	 Perm. Disentanglement: 0.6854
learned lambda values: [5.5, 23.0, 23.1, 5.6, 23.0, 22.9, 5.5, 5.5, 23.1, 5.5] 	
Step: 76251 	 Loss: 4.2339 	 <Loss>: 4.3562 	 Lin. Disentanglement: 0.9962 	 Perm. Disentanglement: 0.6857
learned lambda values: [5.5, 23.0, 23.1, 5.6, 23.0, 22.9, 5.5, 5.5, 23.1, 5.5] 	
Step: 76501 	 Loss: 4.3611 	 <Loss>: 4.3617 	 Lin. Disentanglement: 0.9963 	 Perm. Disentanglement: 0.6833
learned lambda values: [5.5, 23.0, 23.1, 5.6, 23.0, 23.0, 5.5, 5.5, 23.1, 5.5] 	
Step: 76751 	 Loss: 4.4482 	 <Loss>: 4.3567 	 Lin. Disentanglement: 0.9961 	 Perm. Disentanglement: 0.6868
learned lambda values: [5.5, 23.0, 23.1, 5.6, 23.0, 23.0, 5.5, 5.5, 23.1, 5.5] 	
Step: 77001 	 Loss: 4.2327 	 <Loss>: 4.3622 	 Lin. Disentanglement: 0.9964 	 Perm. Disentanglement: 0.6883
learned lambda values: [5.5, 23.0, 23.1, 5.6, 23.1, 23.0, 5.5, 5.5, 23.1, 5.5] 	
Step: 77251 	 Loss: 4.3030 	 <Loss>: 4.3585 	 Lin. Disentanglement: 0.9963 	 Perm. Disentanglement: 0.6854
learned lambda values: [5.5, 23.0, 23.1, 5.6, 23.1, 23.0, 5.5, 5.5, 23.1, 5.5] 	
Step: 77501 	 Loss: 4.4777 	 <Loss>: 4.3565 	 Lin. Disentanglement: 0.9962 	 Perm. Disentanglement: 0.6845
learned lambda values: [5.5, 23.0, 23.1, 5.6, 23.1, 22.9, 5.5, 5.5, 23.1, 5.5] 	
Step: 77751 	 Loss: 4.4150 	 <Loss>: 4.3622 	 Lin. Disentanglement: 0.9949 	 Perm. Disentanglement: 0.6887
learned lambda values: [5.5, 23.0, 23.1, 5.6, 23.1, 23.0, 5.5, 5.5, 23.0, 5.5] 	
Step: 78001 	 Loss: 4.3259 	 <Loss>: 4.3586 	 Lin. Disentanglement: 0.9965 	 Perm. Disentanglement: 0.6877
learned lambda values: [5.5, 23.0, 23.1, 5.6, 23.1, 23.0, 5.5, 5.6, 23.0, 5.5] 	
Step: 78251 	 Loss: 4.4385 	 <Loss>: 4.3554 	 Lin. Disentanglement: 0.9967 	 Perm. Disentanglement: 0.6875
learned lambda values: [5.5, 23.1, 23.1, 5.6, 23.1, 23.0, 5.5, 5.5, 23.1, 5.5] 	
Step: 78501 	 Loss: 4.2682 	 <Loss>: 4.3598 	 Lin. Disentanglement: 0.9961 	 Perm. Disentanglement: 0.6828
learned lambda values: [5.5, 23.1, 23.1, 5.6, 23.1, 23.0, 5.5, 5.6, 23.1, 5.5] 	
Step: 78751 	 Loss: 4.2682 	 <Loss>: 4.3563 	 Lin. Disentanglement: 0.9967 	 Perm. Disentanglement: 0.6781
learned lambda values: [5.5, 23.1, 23.1, 5.6, 23.1, 23.0, 5.5, 5.6, 23.1, 5.5] 	
Step: 79001 	 Loss: 4.4546 	 <Loss>: 4.3584 	 Lin. Disentanglement: 0.9957 	 Perm. Disentanglement: 0.6858
learned lambda values: [5.5, 23.1, 23.1, 5.6, 23.1, 23.0, 5.5, 5.5, 23.1, 5.5] 	
Step: 79251 	 Loss: 4.3552 	 <Loss>: 4.3586 	 Lin. Disentanglement: 0.9957 	 Perm. Disentanglement: 0.6802
learned lambda values: [5.5, 23.1, 23.1, 5.6, 23.1, 23.0, 5.5, 5.5, 23.1, 5.5] 	
Step: 79501 	 Loss: 4.3300 	 <Loss>: 4.3599 	 Lin. Disentanglement: 0.9963 	 Perm. Disentanglement: 0.6848
learned lambda values: [5.5, 23.1, 23.1, 5.6, 23.1, 23.0, 5.5, 5.5, 23.1, 5.5] 	
Step: 79751 	 Loss: 4.2964 	 <Loss>: 4.3599 	 Lin. Disentanglement: 0.9954 	 Perm. Disentanglement: 0.6844
learned lambda values: [5.5, 23.1, 23.1, 5.6, 23.1, 23.0, 5.5, 5.5, 23.1, 5.5] 	
Step: 80001 	 Loss: 4.3005 	 <Loss>: 4.3646 	 Lin. Disentanglement: 0.9966 	 Perm. Disentanglement: 0.6877
learned lambda values: [5.5, 23.1, 23.1, 5.6, 23.1, 23.0, 5.5, 5.5, 23.1, 5.5] 	
Step: 80251 	 Loss: 4.3473 	 <Loss>: 4.3556 	 Lin. Disentanglement: 0.9955 	 Perm. Disentanglement: 0.6804
learned lambda values: [5.5, 23.1, 23.1, 5.6, 23.1, 23.0, 5.5, 5.5, 23.1, 5.5] 	
Step: 80501 	 Loss: 4.4873 	 <Loss>: 4.3571 	 Lin. Disentanglement: 0.9961 	 Perm. Disentanglement: 0.6823
learned lambda values: [5.6, 23.1, 23.1, 5.6, 23.1, 23.0, 5.5, 5.5, 23.1, 5.5] 	
Step: 80751 	 Loss: 4.4360 	 <Loss>: 4.3573 	 Lin. Disentanglement: 0.9968 	 Perm. Disentanglement: 0.6869
learned lambda values: [5.5, 23.1, 23.1, 5.6, 23.1, 23.0, 5.5, 5.5, 23.1, 5.5] 	
Step: 81001 	 Loss: 4.3726 	 <Loss>: 4.3552 	 Lin. Disentanglement: 0.9968 	 Perm. Disentanglement: 0.6879
learned lambda values: [5.5, 23.1, 23.1, 5.6, 23.1, 23.0, 5.5, 5.5, 23.1, 5.5] 	
Step: 81251 	 Loss: 4.2842 	 <Loss>: 4.3635 	 Lin. Disentanglement: 0.9960 	 Perm. Disentanglement: 0.6828
learned lambda values: [5.5, 23.1, 23.1, 5.6, 23.1, 23.0, 5.5, 5.5, 23.1, 5.5] 	
Step: 81501 	 Loss: 4.4917 	 <Loss>: 4.3577 	 Lin. Disentanglement: 0.9964 	 Perm. Disentanglement: 0.6839
learned lambda values: [5.5, 23.1, 23.1, 5.6, 23.1, 23.0, 5.5, 5.5, 23.1, 5.5] 	
Step: 81751 	 Loss: 4.3437 	 <Loss>: 4.3602 	 Lin. Disentanglement: 0.9966 	 Perm. Disentanglement: 0.6844
learned lambda values: [5.5, 23.1, 23.1, 5.6, 23.1, 23.0, 5.5, 5.5, 23.1, 5.5] 	
Step: 82001 	 Loss: 4.2988 	 <Loss>: 4.3606 	 Lin. Disentanglement: 0.9966 	 Perm. Disentanglement: 0.6817
learned lambda values: [5.5, 23.1, 23.1, 5.6, 23.1, 23.0, 5.5, 5.5, 23.1, 5.5] 	
Step: 82251 	 Loss: 4.4311 	 <Loss>: 4.3590 	 Lin. Disentanglement: 0.9954 	 Perm. Disentanglement: 0.6814
learned lambda values: [5.5, 23.1, 23.1, 5.6, 23.1, 23.0, 5.5, 5.5, 23.1, 5.5] 	
Step: 82501 	 Loss: 4.3794 	 <Loss>: 4.3581 	 Lin. Disentanglement: 0.9961 	 Perm. Disentanglement: 0.6842
learned lambda values: [5.5, 23.1, 23.1, 5.6, 23.1, 23.0, 5.5, 5.5, 23.1, 5.5] 	
Step: 82751 	 Loss: 4.3199 	 <Loss>: 4.3561 	 Lin. Disentanglement: 0.9958 	 Perm. Disentanglement: 0.6872
learned lambda values: [5.5, 23.1, 23.1, 5.6, 23.1, 23.0, 5.5, 5.5, 23.1, 5.5] 	
Step: 83001 	 Loss: 4.2596 	 <Loss>: 4.3546 	 Lin. Disentanglement: 0.9962 	 Perm. Disentanglement: 0.6864
learned lambda values: [5.5, 23.1, 23.1, 5.6, 23.1, 23.0, 5.5, 5.5, 23.1, 5.5] 	
Step: 83251 	 Loss: 4.2745 	 <Loss>: 4.3657 	 Lin. Disentanglement: 0.9961 	 Perm. Disentanglement: 0.6836
learned lambda values: [5.5, 23.1, 23.0, 5.6, 23.1, 23.0, 5.5, 5.5, 23.1, 5.5] 	
Step: 83501 	 Loss: 4.4067 	 <Loss>: 4.3599 	 Lin. Disentanglement: 0.9951 	 Perm. Disentanglement: 0.6885
learned lambda values: [5.5, 23.1, 23.1, 5.5, 23.1, 23.0, 5.5, 5.5, 23.1, 5.5] 	
Step: 83751 	 Loss: 4.2894 	 <Loss>: 4.3514 	 Lin. Disentanglement: 0.9961 	 Perm. Disentanglement: 0.6853
learned lambda values: [5.5, 23.1, 23.1, 5.6, 23.1, 23.0, 5.5, 5.5, 23.1, 5.5] 	
Step: 84001 	 Loss: 4.3376 	 <Loss>: 4.3592 	 Lin. Disentanglement: 0.9965 	 Perm. Disentanglement: 0.6860
learned lambda values: [5.5, 23.1, 23.1, 5.6, 23.1, 23.0, 5.5, 5.5, 23.1, 5.5] 	
Step: 84251 	 Loss: 4.3299 	 <Loss>: 4.3587 	 Lin. Disentanglement: 0.9965 	 Perm. Disentanglement: 0.6874
learned lambda values: [5.5, 23.1, 23.0, 5.6, 23.1, 23.0, 5.5, 5.5, 23.1, 5.5] 	
Step: 84501 	 Loss: 4.3694 	 <Loss>: 4.3576 	 Lin. Disentanglement: 0.9959 	 Perm. Disentanglement: 0.6825
learned lambda values: [5.5, 23.0, 23.0, 5.6, 23.1, 23.0, 5.5, 5.5, 23.1, 5.5] 	
Step: 84751 	 Loss: 4.3210 	 <Loss>: 4.3567 	 Lin. Disentanglement: 0.9966 	 Perm. Disentanglement: 0.6811
learned lambda values: [5.5, 23.1, 23.0, 5.6, 23.1, 23.0, 5.5, 5.5, 23.1, 5.5] 	
Step: 85001 	 Loss: 4.3811 	 <Loss>: 4.3553 	 Lin. Disentanglement: 0.9961 	 Perm. Disentanglement: 0.6856
learned lambda values: [5.5, 23.0, 23.0, 5.6, 23.1, 23.0, 5.5, 5.5, 23.1, 5.5] 	
Step: 85251 	 Loss: 4.5043 	 <Loss>: 4.3583 	 Lin. Disentanglement: 0.9960 	 Perm. Disentanglement: 0.6885
learned lambda values: [5.5, 23.0, 23.1, 5.6, 23.1, 23.0, 5.5, 5.5, 23.1, 5.5] 	
Step: 85501 	 Loss: 4.4771 	 <Loss>: 4.3596 	 Lin. Disentanglement: 0.9959 	 Perm. Disentanglement: 0.6820
learned lambda values: [5.5, 23.0, 23.0, 5.6, 23.1, 23.0, 5.5, 5.6, 23.1, 5.5] 	
Step: 85751 	 Loss: 4.3455 	 <Loss>: 4.3575 	 Lin. Disentanglement: 0.9958 	 Perm. Disentanglement: 0.6882
learned lambda values: [5.5, 23.0, 23.0, 5.6, 23.1, 23.0, 5.5, 5.6, 23.1, 5.5] 	
Step: 86001 	 Loss: 4.3600 	 <Loss>: 4.3558 	 Lin. Disentanglement: 0.9961 	 Perm. Disentanglement: 0.6856
learned lambda values: [5.5, 23.0, 23.0, 5.6, 23.1, 23.0, 5.5, 5.6, 23.1, 5.6] 	
Step: 86251 	 Loss: 4.3570 	 <Loss>: 4.3536 	 Lin. Disentanglement: 0.9958 	 Perm. Disentanglement: 0.6753
learned lambda values: [5.5, 23.1, 23.1, 5.6, 23.1, 23.0, 5.5, 5.5, 23.1, 5.5] 	
Step: 86501 	 Loss: 4.3806 	 <Loss>: 4.3533 	 Lin. Disentanglement: 0.9964 	 Perm. Disentanglement: 0.6891
learned lambda values: [5.5, 23.1, 23.1, 5.6, 23.1, 23.0, 5.5, 5.5, 23.1, 5.5] 	
Step: 86751 	 Loss: 4.3572 	 <Loss>: 4.3565 	 Lin. Disentanglement: 0.9962 	 Perm. Disentanglement: 0.6895
learned lambda values: [5.5, 23.1, 23.1, 5.6, 23.1, 23.0, 5.5, 5.5, 23.1, 5.6] 	
Step: 87001 	 Loss: 4.2944 	 <Loss>: 4.3576 	 Lin. Disentanglement: 0.9961 	 Perm. Disentanglement: 0.6790
learned lambda values: [5.5, 23.1, 23.1, 5.6, 23.1, 23.0, 5.5, 5.5, 23.1, 5.5] 	
Step: 87251 	 Loss: 4.2930 	 <Loss>: 4.3614 	 Lin. Disentanglement: 0.9961 	 Perm. Disentanglement: 0.6807
learned lambda values: [5.5, 23.1, 23.1, 5.6, 23.1, 23.0, 5.5, 5.5, 23.1, 5.5] 	
Step: 87501 	 Loss: 4.3871 	 <Loss>: 4.3535 	 Lin. Disentanglement: 0.9966 	 Perm. Disentanglement: 0.6880
learned lambda values: [5.5, 23.1, 23.1, 5.6, 23.1, 23.0, 5.5, 5.5, 23.1, 5.6] 	
Step: 87751 	 Loss: 4.4646 	 <Loss>: 4.3631 	 Lin. Disentanglement: 0.9958 	 Perm. Disentanglement: 0.6821
learned lambda values: [5.5, 23.1, 23.1, 5.6, 23.1, 23.0, 5.5, 5.5, 23.1, 5.5] 	
Step: 88001 	 Loss: 4.3941 	 <Loss>: 4.3590 	 Lin. Disentanglement: 0.9960 	 Perm. Disentanglement: 0.6817
learned lambda values: [5.5, 23.1, 23.1, 5.6, 23.1, 23.0, 5.5, 5.5, 23.1, 5.5] 	
Step: 88251 	 Loss: 4.3168 	 <Loss>: 4.3645 	 Lin. Disentanglement: 0.9966 	 Perm. Disentanglement: 0.6910
learned lambda values: [5.5, 23.1, 23.0, 5.6, 23.1, 23.0, 5.5, 5.5, 23.1, 5.5] 	
Step: 88501 	 Loss: 4.3333 	 <Loss>: 4.3548 	 Lin. Disentanglement: 0.9968 	 Perm. Disentanglement: 0.6828
learned lambda values: [5.5, 23.1, 23.1, 5.6, 23.1, 23.0, 5.5, 5.5, 23.1, 5.5] 	
Step: 88751 	 Loss: 4.3490 	 <Loss>: 4.3642 	 Lin. Disentanglement: 0.9965 	 Perm. Disentanglement: 0.6867
learned lambda values: [5.5, 23.0, 23.1, 5.6, 23.1, 23.0, 5.5, 5.5, 23.1, 5.5] 	
Step: 89001 	 Loss: 4.3596 	 <Loss>: 4.3636 	 Lin. Disentanglement: 0.9960 	 Perm. Disentanglement: 0.6762
learned lambda values: [5.5, 23.0, 23.1, 5.5, 23.1, 23.0, 5.5, 5.5, 23.1, 5.5] 	
Step: 89251 	 Loss: 4.3610 	 <Loss>: 4.3539 	 Lin. Disentanglement: 0.9959 	 Perm. Disentanglement: 0.6862
learned lambda values: [5.5, 23.1, 23.1, 5.6, 23.1, 23.0, 5.5, 5.6, 23.1, 5.5] 	
Step: 89501 	 Loss: 4.3550 	 <Loss>: 4.3562 	 Lin. Disentanglement: 0.9960 	 Perm. Disentanglement: 0.6877
learned lambda values: [5.5, 23.1, 23.1, 5.6, 23.1, 23.0, 5.5, 5.6, 23.1, 5.5] 	
Step: 89751 	 Loss: 4.4043 	 <Loss>: 4.3535 	 Lin. Disentanglement: 0.9963 	 Perm. Disentanglement: 0.6879
learned lambda values: [5.5, 23.1, 23.1, 5.6, 23.1, 23.0, 5.5, 5.6, 23.1, 5.5] 	
Step: 90001 	 Loss: 4.4434 	 <Loss>: 4.3546 	 Lin. Disentanglement: 0.9970 	 Perm. Disentanglement: 0.6833
learned lambda values: [5.5, 23.1, 23.1, 5.6, 23.1, 23.0, 5.5, 5.6, 23.1, 5.6] 	
Step: 90251 	 Loss: 4.3310 	 <Loss>: 4.3599 	 Lin. Disentanglement: 0.9961 	 Perm. Disentanglement: 0.6799
learned lambda values: [5.5, 23.1, 23.1, 5.6, 23.1, 23.0, 5.5, 5.6, 23.1, 5.5] 	
Step: 90501 	 Loss: 4.4045 	 <Loss>: 4.3567 	 Lin. Disentanglement: 0.9967 	 Perm. Disentanglement: 0.6827
learned lambda values: [5.5, 23.0, 23.1, 5.6, 23.1, 23.0, 5.5, 5.5, 23.1, 5.5] 	
Step: 90751 	 Loss: 4.3397 	 <Loss>: 4.3591 	 Lin. Disentanglement: 0.9956 	 Perm. Disentanglement: 0.6818
learned lambda values: [5.5, 23.0, 23.1, 5.6, 23.1, 23.0, 5.5, 5.5, 23.1, 5.5] 	
Step: 91001 	 Loss: 4.3843 	 <Loss>: 4.3621 	 Lin. Disentanglement: 0.9966 	 Perm. Disentanglement: 0.6891
learned lambda values: [5.5, 23.0, 23.1, 5.6, 23.1, 23.0, 5.5, 5.6, 23.1, 5.5] 	
Step: 91251 	 Loss: 4.3030 	 <Loss>: 4.3538 	 Lin. Disentanglement: 0.9970 	 Perm. Disentanglement: 0.6816
learned lambda values: [5.5, 23.0, 23.1, 5.6, 23.1, 23.0, 5.5, 5.6, 23.1, 5.6] 	
Step: 91501 	 Loss: 4.3465 	 <Loss>: 4.3517 	 Lin. Disentanglement: 0.9962 	 Perm. Disentanglement: 0.6792
learned lambda values: [5.5, 23.1, 23.1, 5.6, 23.1, 23.0, 5.5, 5.6, 23.1, 5.6] 	
Step: 91751 	 Loss: 4.2920 	 <Loss>: 4.3525 	 Lin. Disentanglement: 0.9961 	 Perm. Disentanglement: 0.6858
learned lambda values: [5.5, 23.1, 23.1, 5.6, 23.1, 23.0, 5.6, 5.6, 23.1, 5.6] 	
Step: 92001 	 Loss: 4.4308 	 <Loss>: 4.3563 	 Lin. Disentanglement: 0.9966 	 Perm. Disentanglement: 0.6841
learned lambda values: [5.5, 23.1, 23.1, 5.6, 23.1, 23.0, 5.6, 5.6, 23.1, 5.5] 	
Step: 92251 	 Loss: 4.3965 	 <Loss>: 4.3549 	 Lin. Disentanglement: 0.9965 	 Perm. Disentanglement: 0.6835
learned lambda values: [5.5, 23.1, 23.1, 5.6, 23.1, 23.0, 5.5, 5.6, 23.1, 5.5] 	
Step: 92501 	 Loss: 4.4327 	 <Loss>: 4.3542 	 Lin. Disentanglement: 0.9949 	 Perm. Disentanglement: 0.6790
learned lambda values: [5.5, 23.1, 23.1, 5.6, 23.1, 23.0, 5.5, 5.6, 23.1, 5.5] 	
Step: 92751 	 Loss: 4.3231 	 <Loss>: 4.3593 	 Lin. Disentanglement: 0.9959 	 Perm. Disentanglement: 0.6786
learned lambda values: [5.5, 23.1, 23.1, 5.6, 23.1, 23.0, 5.5, 5.5, 23.1, 5.5] 	
Step: 93001 	 Loss: 4.2877 	 <Loss>: 4.3543 	 Lin. Disentanglement: 0.9964 	 Perm. Disentanglement: 0.6814
learned lambda values: [5.5, 23.1, 23.1, 5.6, 23.1, 23.0, 5.5, 5.5, 23.1, 5.6] 	
Step: 93251 	 Loss: 4.4123 	 <Loss>: 4.3494 	 Lin. Disentanglement: 0.9961 	 Perm. Disentanglement: 0.6871
learned lambda values: [5.5, 23.1, 23.1, 5.6, 23.1, 23.0, 5.5, 5.5, 23.1, 5.6] 	
Step: 93501 	 Loss: 4.2887 	 <Loss>: 4.3621 	 Lin. Disentanglement: 0.9962 	 Perm. Disentanglement: 0.6840
learned lambda values: [5.5, 23.0, 23.1, 5.6, 23.1, 23.0, 5.5, 5.5, 23.1, 5.6] 	
Step: 93751 	 Loss: 4.3095 	 <Loss>: 4.3588 	 Lin. Disentanglement: 0.9964 	 Perm. Disentanglement: 0.6837
learned lambda values: [5.5, 23.0, 23.1, 5.6, 23.1, 23.0, 5.5, 5.5, 23.0, 5.6] 	
Step: 94001 	 Loss: 4.3922 	 <Loss>: 4.3566 	 Lin. Disentanglement: 0.9963 	 Perm. Disentanglement: 0.6842
learned lambda values: [5.5, 23.0, 23.1, 5.6, 23.1, 23.0, 5.5, 5.5, 23.1, 5.6] 	
Step: 94251 	 Loss: 4.3785 	 <Loss>: 4.3521 	 Lin. Disentanglement: 0.9968 	 Perm. Disentanglement: 0.6897
learned lambda values: [5.5, 23.0, 23.1, 5.6, 23.1, 23.0, 5.5, 5.5, 23.1, 5.5] 	
Step: 94501 	 Loss: 4.3947 	 <Loss>: 4.3595 	 Lin. Disentanglement: 0.9961 	 Perm. Disentanglement: 0.6828
learned lambda values: [5.5, 23.0, 23.1, 5.6, 23.1, 23.0, 5.5, 5.5, 23.1, 5.5] 	
Step: 94751 	 Loss: 4.3312 	 <Loss>: 4.3521 	 Lin. Disentanglement: 0.9961 	 Perm. Disentanglement: 0.6839
learned lambda values: [5.5, 23.1, 23.1, 5.6, 23.1, 23.0, 5.5, 5.5, 23.1, 5.5] 	
Step: 95001 	 Loss: 4.3113 	 <Loss>: 4.3530 	 Lin. Disentanglement: 0.9965 	 Perm. Disentanglement: 0.6786
learned lambda values: [5.5, 23.1, 23.1, 5.6, 23.1, 23.0, 5.5, 5.5, 23.1, 5.5] 	
Step: 95251 	 Loss: 4.3612 	 <Loss>: 4.3579 	 Lin. Disentanglement: 0.9954 	 Perm. Disentanglement: 0.6832
learned lambda values: [5.5, 23.1, 23.1, 5.6, 23.1, 23.0, 5.5, 5.5, 23.1, 5.5] 	
Step: 95501 	 Loss: 4.3552 	 <Loss>: 4.3546 	 Lin. Disentanglement: 0.9968 	 Perm. Disentanglement: 0.6847
learned lambda values: [5.5, 23.1, 23.1, 5.6, 23.1, 23.0, 5.5, 5.5, 23.1, 5.5] 	
Step: 95751 	 Loss: 4.3194 	 <Loss>: 4.3528 	 Lin. Disentanglement: 0.9965 	 Perm. Disentanglement: 0.6842
learned lambda values: [5.5, 23.1, 23.1, 5.6, 23.1, 23.0, 5.5, 5.5, 23.1, 5.5] 	
Step: 96001 	 Loss: 4.3519 	 <Loss>: 4.3495 	 Lin. Disentanglement: 0.9964 	 Perm. Disentanglement: 0.6811
learned lambda values: [5.6, 23.1, 23.1, 5.6, 23.1, 23.0, 5.6, 5.5, 23.1, 5.5] 	
Step: 96251 	 Loss: 4.3034 	 <Loss>: 4.3616 	 Lin. Disentanglement: 0.9962 	 Perm. Disentanglement: 0.6783
learned lambda values: [5.5, 23.1, 23.1, 5.6, 23.1, 23.0, 5.5, 5.5, 23.1, 5.5] 	
Step: 96501 	 Loss: 4.3019 	 <Loss>: 4.3516 	 Lin. Disentanglement: 0.9967 	 Perm. Disentanglement: 0.6862
learned lambda values: [5.5, 23.1, 23.1, 5.6, 23.1, 23.0, 5.5, 5.5, 23.1, 5.5] 	
Step: 96751 	 Loss: 4.3230 	 <Loss>: 4.3502 	 Lin. Disentanglement: 0.9971 	 Perm. Disentanglement: 0.6875
learned lambda values: [5.5, 23.1, 23.1, 5.6, 23.1, 23.0, 5.5, 5.5, 23.1, 5.5] 	
Step: 97001 	 Loss: 4.3820 	 <Loss>: 4.3555 	 Lin. Disentanglement: 0.9963 	 Perm. Disentanglement: 0.6849
learned lambda values: [5.5, 23.1, 23.1, 5.6, 23.1, 23.0, 5.5, 5.5, 23.1, 5.6] 	
Step: 97251 	 Loss: 4.3703 	 <Loss>: 4.3565 	 Lin. Disentanglement: 0.9967 	 Perm. Disentanglement: 0.6864
learned lambda values: [5.5, 23.1, 23.1, 5.6, 23.1, 23.0, 5.5, 5.6, 23.1, 5.6] 	
Step: 97501 	 Loss: 4.3140 	 <Loss>: 4.3552 	 Lin. Disentanglement: 0.9962 	 Perm. Disentanglement: 0.6850
learned lambda values: [5.5, 23.1, 23.1, 5.6, 23.1, 23.0, 5.5, 5.5, 23.1, 5.5] 	
Step: 97751 	 Loss: 4.3298 	 <Loss>: 4.3576 	 Lin. Disentanglement: 0.9957 	 Perm. Disentanglement: 0.6862
learned lambda values: [5.5, 23.1, 23.1, 5.6, 23.1, 23.0, 5.5, 5.5, 23.1, 5.5] 	
Step: 98001 	 Loss: 4.3647 	 <Loss>: 4.3610 	 Lin. Disentanglement: 0.9963 	 Perm. Disentanglement: 0.6843
learned lambda values: [5.5, 23.1, 23.1, 5.6, 23.1, 23.0, 5.5, 5.5, 23.1, 5.5] 	
Step: 98251 	 Loss: 4.4028 	 <Loss>: 4.3583 	 Lin. Disentanglement: 0.9969 	 Perm. Disentanglement: 0.6861
learned lambda values: [5.5, 23.1, 23.1, 5.6, 23.1, 23.0, 5.5, 5.5, 23.1, 5.5] 	
Step: 98501 	 Loss: 4.3465 	 <Loss>: 4.3461 	 Lin. Disentanglement: 0.9967 	 Perm. Disentanglement: 0.6847
learned lambda values: [5.5, 23.1, 23.1, 5.6, 23.1, 23.0, 5.5, 5.5, 23.1, 5.5] 	
Step: 98751 	 Loss: 4.4961 	 <Loss>: 4.3604 	 Lin. Disentanglement: 0.9964 	 Perm. Disentanglement: 0.6843
learned lambda values: [5.5, 23.1, 23.1, 5.6, 23.1, 23.0, 5.6, 5.5, 23.1, 5.5] 	
Step: 99001 	 Loss: 4.4126 	 <Loss>: 4.3630 	 Lin. Disentanglement: 0.9957 	 Perm. Disentanglement: 0.6837
learned lambda values: [5.5, 23.1, 23.1, 5.6, 23.1, 23.0, 5.5, 5.5, 23.1, 5.5] 	
Step: 99251 	 Loss: 4.4097 	 <Loss>: 4.3517 	 Lin. Disentanglement: 0.9966 	 Perm. Disentanglement: 0.6784
learned lambda values: [5.5, 23.1, 23.1, 5.6, 23.1, 23.0, 5.5, 5.5, 23.1, 5.5] 	
Step: 99501 	 Loss: 4.2990 	 <Loss>: 4.3580 	 Lin. Disentanglement: 0.9964 	 Perm. Disentanglement: 0.6845
learned lambda values: [5.5, 23.1, 23.1, 5.6, 23.1, 23.0, 5.6, 5.5, 23.1, 5.5] 	
Step: 99751 	 Loss: 4.3334 	 <Loss>: 4.3518 	 Lin. Disentanglement: 0.9971 	 Perm. Disentanglement: 0.6775
learned lambda values: [5.5, 23.1, 23.1, 5.5, 23.1, 23.0, 5.6, 5.5, 23.1, 5.5] 	
Step: 100001 	 Loss: 4.3908 	 <Loss>: 4.3605 	 Lin. Disentanglement: 0.9966 	 Perm. Disentanglement: 0.6847
learned lambda values: [5.5, 23.1, 23.1, 5.5, 23.1, 23.0, 5.6, 5.5, 23.1, 5.5] 	
Step: 100251 	 Loss: 4.2199 	 <Loss>: 4.3557 	 Lin. Disentanglement: 0.9960 	 Perm. Disentanglement: 0.6835
learned lambda values: [5.5, 23.1, 23.1, 5.6, 23.1, 23.0, 5.6, 5.5, 23.1, 5.5] 	
Step: 100501 	 Loss: 4.3822 	 <Loss>: 4.3484 	 Lin. Disentanglement: 0.9964 	 Perm. Disentanglement: 0.6880
learned lambda values: [5.5, 23.1, 23.1, 5.5, 23.1, 23.0, 5.6, 5.6, 23.1, 5.5] 	
Step: 100751 	 Loss: 4.3328 	 <Loss>: 4.3591 	 Lin. Disentanglement: 0.9969 	 Perm. Disentanglement: 0.6822
learned lambda values: [5.5, 23.1, 23.1, 5.6, 23.1, 23.0, 5.5, 5.5, 23.1, 5.5] 	
Step: 101001 	 Loss: 4.3276 	 <Loss>: 4.3525 	 Lin. Disentanglement: 0.9964 	 Perm. Disentanglement: 0.6849
learned lambda values: [5.5, 23.1, 23.1, 5.6, 23.1, 23.0, 5.5, 5.5, 23.1, 5.5] 	
Step: 101251 	 Loss: 4.4562 	 <Loss>: 4.3581 	 Lin. Disentanglement: 0.9963 	 Perm. Disentanglement: 0.6840
learned lambda values: [5.5, 23.1, 23.1, 5.6, 23.1, 23.0, 5.5, 5.5, 23.1, 5.5] 	
Step: 101501 	 Loss: 4.3116 	 <Loss>: 4.3526 	 Lin. Disentanglement: 0.9968 	 Perm. Disentanglement: 0.6854
learned lambda values: [5.6, 23.1, 23.1, 5.6, 23.1, 23.0, 5.5, 5.5, 23.1, 5.5] 	
Step: 101751 	 Loss: 4.4383 	 <Loss>: 4.3567 	 Lin. Disentanglement: 0.9965 	 Perm. Disentanglement: 0.6839
learned lambda values: [5.6, 23.1, 23.1, 5.6, 23.1, 23.0, 5.6, 5.5, 23.1, 5.5] 	
Step: 102001 	 Loss: 4.3362 	 <Loss>: 4.3583 	 Lin. Disentanglement: 0.9968 	 Perm. Disentanglement: 0.6893
learned lambda values: [5.6, 23.1, 23.1, 5.6, 23.1, 23.0, 5.6, 5.5, 23.1, 5.5] 	
Step: 102251 	 Loss: 4.3769 	 <Loss>: 4.3502 	 Lin. Disentanglement: 0.9973 	 Perm. Disentanglement: 0.6876
learned lambda values: [5.6, 23.1, 23.1, 5.6, 23.1, 23.0, 5.6, 5.5, 23.1, 5.5] 	
Step: 102501 	 Loss: 4.3540 	 <Loss>: 4.3519 	 Lin. Disentanglement: 0.9968 	 Perm. Disentanglement: 0.6805
learned lambda values: [5.6, 23.1, 23.1, 5.6, 23.1, 23.0, 5.6, 5.5, 23.1, 5.5] 	
Step: 102751 	 Loss: 4.3317 	 <Loss>: 4.3595 	 Lin. Disentanglement: 0.9966 	 Perm. Disentanglement: 0.6868
learned lambda values: [5.6, 23.1, 23.1, 5.6, 23.1, 23.0, 5.5, 5.5, 23.1, 5.5] 	
Step: 103001 	 Loss: 4.4275 	 <Loss>: 4.3604 	 Lin. Disentanglement: 0.9953 	 Perm. Disentanglement: 0.6841
learned lambda values: [5.6, 23.1, 23.1, 5.6, 23.1, 23.0, 5.5, 5.5, 23.1, 5.5] 	
Step: 103251 	 Loss: 4.3788 	 <Loss>: 4.3583 	 Lin. Disentanglement: 0.9970 	 Perm. Disentanglement: 0.6831
learned lambda values: [5.6, 23.1, 23.1, 5.6, 23.0, 23.0, 5.5, 5.5, 23.1, 5.5] 	
Step: 103501 	 Loss: 4.3105 	 <Loss>: 4.3522 	 Lin. Disentanglement: 0.9964 	 Perm. Disentanglement: 0.6881
learned lambda values: [5.6, 23.1, 23.1, 5.6, 23.1, 23.0, 5.5, 5.5, 23.1, 5.5] 	
Step: 103751 	 Loss: 4.4389 	 <Loss>: 4.3567 	 Lin. Disentanglement: 0.9962 	 Perm. Disentanglement: 0.6799
learned lambda values: [5.6, 23.1, 23.1, 5.6, 23.1, 23.0, 5.5, 5.5, 23.1, 5.5] 	
Step: 104001 	 Loss: 4.2710 	 <Loss>: 4.3487 	 Lin. Disentanglement: 0.9957 	 Perm. Disentanglement: 0.6819
learned lambda values: [5.6, 23.1, 23.1, 5.6, 23.1, 23.0, 5.5, 5.6, 23.1, 5.5] 	
Step: 104251 	 Loss: 4.4204 	 <Loss>: 4.3531 	 Lin. Disentanglement: 0.9962 	 Perm. Disentanglement: 0.6821
learned lambda values: [5.5, 23.1, 23.1, 5.6, 23.1, 23.0, 5.5, 5.6, 23.1, 5.5] 	
Step: 104501 	 Loss: 4.3531 	 <Loss>: 4.3522 	 Lin. Disentanglement: 0.9954 	 Perm. Disentanglement: 0.6866
learned lambda values: [5.6, 23.1, 23.1, 5.6, 23.1, 23.0, 5.5, 5.6, 23.1, 5.5] 	
Step: 104751 	 Loss: 4.3767 	 <Loss>: 4.3540 	 Lin. Disentanglement: 0.9963 	 Perm. Disentanglement: 0.6819
learned lambda values: [5.5, 23.1, 23.1, 5.6, 23.1, 23.0, 5.5, 5.6, 23.1, 5.5] 	
Step: 105001 	 Loss: 4.3138 	 <Loss>: 4.3531 	 Lin. Disentanglement: 0.9960 	 Perm. Disentanglement: 0.6781
learned lambda values: [5.5, 23.1, 23.1, 5.6, 23.1, 23.0, 5.5, 5.6, 23.1, 5.6] 	
Step: 105251 	 Loss: 4.2599 	 <Loss>: 4.3500 	 Lin. Disentanglement: 0.9970 	 Perm. Disentanglement: 0.6843
learned lambda values: [5.5, 23.1, 23.1, 5.6, 23.1, 23.0, 5.6, 5.6, 23.1, 5.5] 	
Step: 105501 	 Loss: 4.2453 	 <Loss>: 4.3613 	 Lin. Disentanglement: 0.9962 	 Perm. Disentanglement: 0.6834
learned lambda values: [5.5, 23.1, 23.1, 5.6, 23.1, 23.0, 5.6, 5.6, 23.1, 5.5] 	
Step: 105751 	 Loss: 4.2380 	 <Loss>: 4.3549 	 Lin. Disentanglement: 0.9960 	 Perm. Disentanglement: 0.6808
learned lambda values: [5.5, 23.1, 23.1, 5.6, 23.1, 23.0, 5.5, 5.5, 23.1, 5.5] 	
Step: 106001 	 Loss: 4.2072 	 <Loss>: 4.3643 	 Lin. Disentanglement: 0.9953 	 Perm. Disentanglement: 0.6868
learned lambda values: [5.5, 23.1, 23.1, 5.6, 23.1, 23.0, 5.5, 5.5, 23.1, 5.5] 	
Step: 106251 	 Loss: 4.2287 	 <Loss>: 4.3462 	 Lin. Disentanglement: 0.9968 	 Perm. Disentanglement: 0.6843
learned lambda values: [5.5, 23.1, 23.1, 5.6, 23.1, 23.0, 5.5, 5.5, 23.1, 5.5] 	
Step: 106501 	 Loss: 4.4247 	 <Loss>: 4.3563 	 Lin. Disentanglement: 0.9962 	 Perm. Disentanglement: 0.6814
learned lambda values: [5.5, 23.1, 23.1, 5.6, 23.1, 23.0, 5.5, 5.5, 23.1, 5.5] 	
Step: 106751 	 Loss: 4.3264 	 <Loss>: 4.3442 	 Lin. Disentanglement: 0.9967 	 Perm. Disentanglement: 0.6805
learned lambda values: [5.6, 23.1, 23.1, 5.6, 23.1, 23.0, 5.6, 5.5, 23.1, 5.6] 	
Step: 107001 	 Loss: 4.1874 	 <Loss>: 4.3526 	 Lin. Disentanglement: 0.9964 	 Perm. Disentanglement: 0.6854
learned lambda values: [5.6, 23.1, 23.1, 5.6, 23.1, 23.0, 5.6, 5.6, 23.1, 5.6] 	
Step: 107251 	 Loss: 4.4102 	 <Loss>: 4.3487 	 Lin. Disentanglement: 0.9963 	 Perm. Disentanglement: 0.6831
learned lambda values: [5.5, 23.1, 23.1, 5.6, 23.1, 23.0, 5.5, 5.5, 23.1, 5.6] 	
Step: 107501 	 Loss: 4.3246 	 <Loss>: 4.3532 	 Lin. Disentanglement: 0.9965 	 Perm. Disentanglement: 0.6854
learned lambda values: [5.6, 23.1, 23.1, 5.6, 23.1, 23.0, 5.5, 5.5, 23.1, 5.6] 	
Step: 107751 	 Loss: 4.2816 	 <Loss>: 4.3528 	 Lin. Disentanglement: 0.9972 	 Perm. Disentanglement: 0.6857
learned lambda values: [5.5, 23.1, 23.1, 5.6, 23.1, 23.0, 5.5, 5.5, 23.1, 5.6] 	
Step: 108001 	 Loss: 4.3311 	 <Loss>: 4.3564 	 Lin. Disentanglement: 0.9965 	 Perm. Disentanglement: 0.6821
learned lambda values: [5.5, 23.1, 23.1, 5.6, 23.1, 23.0, 5.5, 5.5, 23.1, 5.6] 	
Step: 108251 	 Loss: 4.3206 	 <Loss>: 4.3549 	 Lin. Disentanglement: 0.9972 	 Perm. Disentanglement: 0.6854
learned lambda values: [5.5, 23.1, 23.1, 5.6, 23.1, 23.0, 5.5, 5.5, 23.1, 5.5] 	
Step: 108501 	 Loss: 4.2842 	 <Loss>: 4.3540 	 Lin. Disentanglement: 0.9969 	 Perm. Disentanglement: 0.6841
learned lambda values: [5.5, 23.1, 23.1, 5.6, 23.1, 23.0, 5.5, 5.5, 23.1, 5.5] 	
Step: 108751 	 Loss: 4.3561 	 <Loss>: 4.3562 	 Lin. Disentanglement: 0.9963 	 Perm. Disentanglement: 0.6881
learned lambda values: [5.5, 23.1, 23.1, 5.6, 23.1, 23.0, 5.5, 5.5, 23.1, 5.5] 	
Step: 109001 	 Loss: 4.4178 	 <Loss>: 4.3549 	 Lin. Disentanglement: 0.9955 	 Perm. Disentanglement: 0.6803
learned lambda values: [5.5, 23.1, 23.1, 5.6, 23.1, 23.0, 5.5, 5.5, 23.1, 5.5] 	
Step: 109251 	 Loss: 4.2394 	 <Loss>: 4.3495 	 Lin. Disentanglement: 0.9964 	 Perm. Disentanglement: 0.6825
learned lambda values: [5.5, 23.1, 23.1, 5.6, 23.1, 23.0, 5.5, 5.5, 23.1, 5.5] 	
Step: 109501 	 Loss: 4.2860 	 <Loss>: 4.3506 	 Lin. Disentanglement: 0.9955 	 Perm. Disentanglement: 0.6828
learned lambda values: [5.5, 23.1, 23.1, 5.6, 23.1, 23.0, 5.6, 5.5, 23.1, 5.5] 	
Step: 109751 	 Loss: 4.3271 	 <Loss>: 4.3505 	 Lin. Disentanglement: 0.9968 	 Perm. Disentanglement: 0.6814
learned lambda values: [5.5, 23.1, 23.1, 5.6, 23.1, 23.0, 5.6, 5.5, 23.1, 5.5] 	
Step: 110001 	 Loss: 4.2635 	 <Loss>: 4.3496 	 Lin. Disentanglement: 0.9971 	 Perm. Disentanglement: 0.6882
learned lambda values: [5.5, 23.1, 23.1, 5.6, 23.1, 23.0, 5.6, 5.6, 23.1, 5.5] 	
Step: 110251 	 Loss: 4.4261 	 <Loss>: 4.3562 	 Lin. Disentanglement: 0.9964 	 Perm. Disentanglement: 0.6791
learned lambda values: [5.5, 23.1, 23.1, 5.6, 23.1, 23.0, 5.5, 5.6, 23.1, 5.5] 	
Step: 110501 	 Loss: 4.3205 	 <Loss>: 4.3580 	 Lin. Disentanglement: 0.9973 	 Perm. Disentanglement: 0.6859
learned lambda values: [5.5, 23.1, 23.1, 5.6, 23.1, 23.0, 5.5, 5.6, 23.1, 5.5] 	
Step: 110751 	 Loss: 4.2323 	 <Loss>: 4.3476 	 Lin. Disentanglement: 0.9970 	 Perm. Disentanglement: 0.6899
learned lambda values: [5.5, 23.1, 23.1, 5.6, 23.1, 23.0, 5.6, 5.6, 23.1, 5.5] 	
Step: 111001 	 Loss: 4.3687 	 <Loss>: 4.3450 	 Lin. Disentanglement: 0.9959 	 Perm. Disentanglement: 0.6864
learned lambda values: [5.5, 23.1, 23.1, 5.6, 23.1, 23.0, 5.6, 5.6, 23.1, 5.5] 	
Step: 111251 	 Loss: 4.3944 	 <Loss>: 4.3489 	 Lin. Disentanglement: 0.9961 	 Perm. Disentanglement: 0.6765
learned lambda values: [5.5, 23.1, 23.1, 5.6, 23.1, 23.0, 5.6, 5.6, 23.1, 5.5] 	
Step: 111501 	 Loss: 4.3873 	 <Loss>: 4.3540 	 Lin. Disentanglement: 0.9956 	 Perm. Disentanglement: 0.6855
learned lambda values: [5.5, 23.1, 23.2, 5.6, 23.1, 23.0, 5.6, 5.6, 23.1, 5.5] 	
Step: 111751 	 Loss: 4.2994 	 <Loss>: 4.3626 	 Lin. Disentanglement: 0.9970 	 Perm. Disentanglement: 0.6883
learned lambda values: [5.5, 23.1, 23.1, 5.6, 23.1, 23.0, 5.6, 5.5, 23.1, 5.5] 	
Step: 112001 	 Loss: 4.3137 	 <Loss>: 4.3481 	 Lin. Disentanglement: 0.9967 	 Perm. Disentanglement: 0.6855
learned lambda values: [5.5, 23.1, 23.2, 5.6, 23.1, 23.0, 5.6, 5.6, 23.1, 5.5] 	
Step: 112251 	 Loss: 4.4057 	 <Loss>: 4.3617 	 Lin. Disentanglement: 0.9971 	 Perm. Disentanglement: 0.6873
learned lambda values: [5.5, 23.1, 23.1, 5.6, 23.1, 23.0, 5.5, 5.5, 23.1, 5.5] 	
Step: 112501 	 Loss: 4.3413 	 <Loss>: 4.3538 	 Lin. Disentanglement: 0.9970 	 Perm. Disentanglement: 0.6832
learned lambda values: [5.5, 23.1, 23.1, 5.6, 23.1, 23.0, 5.5, 5.5, 23.1, 5.5] 	
Step: 112751 	 Loss: 4.3459 	 <Loss>: 4.3531 	 Lin. Disentanglement: 0.9964 	 Perm. Disentanglement: 0.6824
learned lambda values: [5.5, 23.1, 23.1, 5.6, 23.1, 23.0, 5.5, 5.5, 23.1, 5.5] 	
Step: 113001 	 Loss: 4.3831 	 <Loss>: 4.3519 	 Lin. Disentanglement: 0.9968 	 Perm. Disentanglement: 0.6835
learned lambda values: [5.5, 23.1, 23.1, 5.6, 23.1, 23.0, 5.6, 5.6, 23.1, 5.5] 	
Step: 113251 	 Loss: 4.3130 	 <Loss>: 4.3510 	 Lin. Disentanglement: 0.9971 	 Perm. Disentanglement: 0.6886
learned lambda values: [5.5, 23.1, 23.1, 5.6, 23.1, 23.0, 5.6, 5.6, 23.1, 5.5] 	
Step: 113501 	 Loss: 4.2520 	 <Loss>: 4.3574 	 Lin. Disentanglement: 0.9969 	 Perm. Disentanglement: 0.6884
learned lambda values: [5.6, 23.1, 23.1, 5.6, 23.1, 23.0, 5.6, 5.6, 23.1, 5.5] 	
Step: 113751 	 Loss: 4.3816 	 <Loss>: 4.3550 	 Lin. Disentanglement: 0.9966 	 Perm. Disentanglement: 0.6810
learned lambda values: [5.5, 23.1, 23.1, 5.6, 23.1, 23.0, 5.5, 5.5, 23.1, 5.5] 	
Step: 114001 	 Loss: 4.3595 	 <Loss>: 4.3582 	 Lin. Disentanglement: 0.9966 	 Perm. Disentanglement: 0.6873
learned lambda values: [5.5, 23.1, 23.1, 5.6, 23.1, 23.0, 5.5, 5.5, 23.1, 5.5] 	
Step: 114251 	 Loss: 4.4422 	 <Loss>: 4.3585 	 Lin. Disentanglement: 0.9969 	 Perm. Disentanglement: 0.6817
learned lambda values: [5.5, 23.1, 23.1, 5.6, 23.1, 23.0, 5.5, 5.5, 23.1, 5.5] 	
Step: 114501 	 Loss: 4.4470 	 <Loss>: 4.3520 	 Lin. Disentanglement: 0.9963 	 Perm. Disentanglement: 0.6853
learned lambda values: [5.5, 23.1, 23.1, 5.6, 23.1, 23.0, 5.5, 5.5, 23.1, 5.5] 	
Step: 114751 	 Loss: 4.3819 	 <Loss>: 4.3569 	 Lin. Disentanglement: 0.9970 	 Perm. Disentanglement: 0.6856
learned lambda values: [5.5, 23.1, 23.1, 5.6, 23.1, 23.0, 5.5, 5.5, 23.1, 5.5] 	
Step: 115001 	 Loss: 4.3567 	 <Loss>: 4.3414 	 Lin. Disentanglement: 0.9964 	 Perm. Disentanglement: 0.6877
learned lambda values: [5.6, 23.1, 23.1, 5.6, 23.1, 23.0, 5.5, 5.6, 23.1, 5.6] 	
Step: 115251 	 Loss: 4.4776 	 <Loss>: 4.3551 	 Lin. Disentanglement: 0.9954 	 Perm. Disentanglement: 0.6848
learned lambda values: [5.6, 23.1, 23.1, 5.6, 23.1, 23.0, 5.5, 5.6, 23.1, 5.6] 	
Step: 115501 	 Loss: 4.4030 	 <Loss>: 4.3523 	 Lin. Disentanglement: 0.9971 	 Perm. Disentanglement: 0.6849
learned lambda values: [5.5, 23.1, 23.1, 5.6, 23.1, 23.0, 5.5, 5.5, 23.1, 5.6] 	
Step: 115751 	 Loss: 4.3306 	 <Loss>: 4.3492 	 Lin. Disentanglement: 0.9968 	 Perm. Disentanglement: 0.6837
learned lambda values: [5.5, 23.1, 23.1, 5.6, 23.1, 23.0, 5.5, 5.5, 23.1, 5.5] 	
Step: 116001 	 Loss: 4.4318 	 <Loss>: 4.3532 	 Lin. Disentanglement: 0.9971 	 Perm. Disentanglement: 0.6855
learned lambda values: [5.6, 23.1, 23.1, 5.6, 23.1, 23.0, 5.5, 5.6, 23.1, 5.5] 	
Step: 116251 	 Loss: 4.3160 	 <Loss>: 4.3645 	 Lin. Disentanglement: 0.9969 	 Perm. Disentanglement: 0.6820
learned lambda values: [5.5, 23.1, 23.1, 5.5, 23.1, 23.0, 5.5, 5.5, 23.1, 5.5] 	
Step: 116501 	 Loss: 4.3893 	 <Loss>: 4.3521 	 Lin. Disentanglement: 0.9954 	 Perm. Disentanglement: 0.6895
learned lambda values: [5.5, 23.1, 23.1, 5.5, 23.1, 23.0, 5.6, 5.5, 23.1, 5.5] 	
Step: 116751 	 Loss: 4.3583 	 <Loss>: 4.3472 	 Lin. Disentanglement: 0.9971 	 Perm. Disentanglement: 0.6832
learned lambda values: [5.5, 23.1, 23.1, 5.6, 23.1, 23.0, 5.6, 5.5, 23.1, 5.5] 	
Step: 117001 	 Loss: 4.4232 	 <Loss>: 4.3585 	 Lin. Disentanglement: 0.9972 	 Perm. Disentanglement: 0.6839
learned lambda values: [5.5, 23.1, 23.1, 5.6, 23.1, 23.0, 5.6, 5.5, 23.1, 5.5] 	
Step: 117251 	 Loss: 4.2899 	 <Loss>: 4.3561 	 Lin. Disentanglement: 0.9956 	 Perm. Disentanglement: 0.6851
learned lambda values: [5.5, 23.1, 23.1, 5.6, 23.1, 23.0, 5.6, 5.5, 23.1, 5.5] 	
Step: 117501 	 Loss: 4.4613 	 <Loss>: 4.3580 	 Lin. Disentanglement: 0.9965 	 Perm. Disentanglement: 0.6873
learned lambda values: [5.5, 23.1, 23.1, 5.6, 23.1, 23.0, 5.5, 5.5, 23.1, 5.5] 	
Step: 117751 	 Loss: 4.3081 	 <Loss>: 4.3449 	 Lin. Disentanglement: 0.9967 	 Perm. Disentanglement: 0.6841
learned lambda values: [5.5, 23.1, 23.1, 5.6, 23.1, 23.0, 5.5, 5.5, 23.1, 5.5] 	
Step: 118001 	 Loss: 4.3267 	 <Loss>: 4.3531 	 Lin. Disentanglement: 0.9960 	 Perm. Disentanglement: 0.6862
learned lambda values: [5.5, 23.1, 23.1, 5.6, 23.1, 23.0, 5.5, 5.5, 23.1, 5.5] 	
Step: 118251 	 Loss: 4.3746 	 <Loss>: 4.3460 	 Lin. Disentanglement: 0.9973 	 Perm. Disentanglement: 0.6844
learned lambda values: [5.5, 23.1, 23.1, 5.6, 23.1, 23.0, 5.5, 5.5, 23.1, 5.6] 	
